#
# There is insufficient memory for the Java Runtime Environment to continue.
# Native memory allocation (malloc) failed to allocate 60688 bytes for Chunk::new
# Possible reasons:
#   The system is out of physical RAM or swap space
#   The process is running with CompressedOops enabled, and the Java Heap may be blocking the growth of the native heap
# Possible solutions:
#   Reduce memory load on the system
#   Increase physical memory or swap space
#   Check if swap backing store is full
#   Decrease Java heap size (-Xmx/-Xms)
#   Decrease number of Java threads
#   Decrease Java thread stack sizes (-Xss)
#   Set larger code cache with -XX:ReservedCodeCacheSize=
#   JVM is running with Unscaled Compressed Oops mode in which the Java heap is
#     placed in the first 4GB address space. The Java Heap base address is the
#     maximum limit for the native heap growth. Please use -XX:HeapBaseMinAddress
#     to set the Java Heap base and to place the Java Heap above 4GB virtual address.
# This output file may be truncated or incomplete.
#
#  Out of Memory Error (allocation.cpp:389), pid=6192, tid=0x00000000000026e8
#
# JRE version: OpenJDK Runtime Environment (8.0_242-b01) (build 1.8.0_242-release-1644-b01)
# Java VM: OpenJDK 64-Bit Server VM (25.242-b01 mixed mode windows-amd64 compressed oops)
# Failed to write core dump. Minidumps are not enabled by default on client versions of Windows
#

---------------  T H R E A D  ---------------

Current thread (0x00000000175a1000):  JavaThread "C2 CompilerThread0" daemon [_thread_in_native, id=9960, stack(0x0000000018600000,0x0000000018700000)]

Stack: [0x0000000018600000,0x0000000018700000]
[error occurred during error reporting (printing stack bounds), id 0xc0000005]

Native frames: (J=compiled Java code, j=interpreted, Vv=VM code, C=native code)


Current CompileTask:
C2:  17711 3801       4       org.objectweb.asm.Frame::execute (2318 bytes)


---------------  P R O C E S S  ---------------

Java Threads: ( => current thread )
  0x000000001bdc7800 JavaThread "pool-1-thread-1" [_thread_blocked, id=9992, stack(0x000000001fa20000,0x000000001fb20000)]
  0x000000001bdc5000 JavaThread "Build operations Thread 2" [_thread_blocked, id=4032, stack(0x000000001f520000,0x000000001f620000)]
  0x000000001bdc4800 JavaThread "Build operations" [_thread_blocked, id=4092, stack(0x000000001f420000,0x000000001f520000)]
  0x000000001a136800 JavaThread "Cache worker for execution history cache (C:\Users\Juan Hoyos\.gradle\caches\6.1.1\executionHistory)" [_thread_blocked, id=11148, stack(0x000000001e720000,0x000000001e820000)]
  0x000000001a13d800 JavaThread "Cache worker for cache directory md-rule (C:\Users\Juan Hoyos\.gradle\caches\6.1.1\md-rule)" [_thread_blocked, id=2052, stack(0x000000001e620000,0x000000001e720000)]
  0x000000001a138800 JavaThread "Cache worker for cache directory md-supplier (C:\Users\Juan Hoyos\.gradle\caches\6.1.1\md-supplier)" [_thread_blocked, id=6116, stack(0x000000001e520000,0x000000001e620000)]
  0x000000001a13c000 JavaThread "Cache worker for file hash cache (C:\Users\Juan Hoyos\AndroidStudioProjects\Eldado\.gradle\6.1.1\fileHashes)" [_thread_blocked, id=10452, stack(0x000000001e020000,0x000000001e120000)]
  0x000000001a13a800 JavaThread "Cache worker for checksums cache (C:\Users\Juan Hoyos\AndroidStudioProjects\Eldado\.gradle\checksums)" [_thread_blocked, id=7432, stack(0x000000001df20000,0x000000001e020000)]
  0x000000001a13c800 JavaThread "Cache worker for file hash cache (C:\Users\Juan Hoyos\.gradle\caches\6.1.1\fileHashes)" [_thread_blocked, id=8912, stack(0x000000001cc50000,0x000000001cd50000)]
  0x000000001a13b000 JavaThread "File lock request listener" [_thread_in_native, id=4868, stack(0x000000001cb50000,0x000000001cc50000)]
  0x0000000019ce1000 JavaThread "Cache worker for journal cache (C:\Users\Juan Hoyos\.gradle\caches\journal-1)" [_thread_blocked, id=9616, stack(0x000000001ca50000,0x000000001cb50000)]
  0x00000000194f4800 JavaThread "Thread-9" [_thread_blocked, id=1396, stack(0x000000001b780000,0x000000001b880000)]
  0x00000000194f2000 JavaThread "Stdin handler" [_thread_blocked, id=8636, stack(0x000000001b680000,0x000000001b780000)]
  0x000000001950b800 JavaThread "Asynchronous log dispatcher for DefaultDaemonConnection: socket connection from /127.0.0.1:54150 to /127.0.0.1:54151" [_thread_blocked, id=8700, stack(0x000000001b580000,0x000000001b680000)]
  0x000000001950b000 JavaThread "Daemon worker" [_thread_in_Java, id=1216, stack(0x000000001b480000,0x000000001b580000)]
  0x0000000019507800 JavaThread "Cancel handler" [_thread_blocked, id=7964, stack(0x000000001b380000,0x000000001b480000)]
  0x0000000019798000 JavaThread "Handler for socket connection from /127.0.0.1:54150 to /127.0.0.1:54151" [_thread_in_native, id=3100, stack(0x000000001b080000,0x000000001b180000)]
  0x0000000019797000 JavaThread "Daemon periodic checks" [_thread_blocked, id=4660, stack(0x000000001af80000,0x000000001b080000)]
  0x00000000199d8800 JavaThread "Daemon" [_thread_blocked, id=11244, stack(0x000000001ae80000,0x000000001af80000)]
  0x0000000019af6800 JavaThread "Incoming local TCP Connector on port 54150" [_thread_in_native, id=10640, stack(0x000000001ac10000,0x000000001ad10000)]
  0x0000000019010000 JavaThread "Daemon health stats" [_thread_blocked, id=7268, stack(0x000000001a7d0000,0x000000001a8d0000)]
  0x0000000017612800 JavaThread "Service Thread" daemon [_thread_blocked, id=10884, stack(0x0000000018800000,0x0000000018900000)]
  0x00000000175a4000 JavaThread "C1 CompilerThread1" daemon [_thread_blocked, id=5236, stack(0x0000000018700000,0x0000000018800000)]
=>0x00000000175a1000 JavaThread "C2 CompilerThread0" daemon [_thread_in_native, id=9960, stack(0x0000000018600000,0x0000000018700000)]
  0x000000001759f800 JavaThread "Attach Listener" daemon [_thread_blocked, id=2976, stack(0x0000000018500000,0x0000000018600000)]
  0x000000001759c000 JavaThread "Signal Dispatcher" daemon [_thread_blocked, id=2944, stack(0x0000000018400000,0x0000000018500000)]
  0x0000000002b47800 JavaThread "Finalizer" daemon [_thread_blocked, id=9860, stack(0x00000000181e0000,0x00000000182e0000)]
  0x0000000002b3e800 JavaThread "Reference Handler" daemon [_thread_blocked, id=6620, stack(0x00000000180e0000,0x00000000181e0000)]
  0x0000000002bbe800 JavaThread "main" [_thread_blocked, id=1600, stack(0x0000000002920000,0x0000000002a20000)]

Other Threads:
  0x0000000017566000 VMThread [stack: 0x0000000017fe0000,0x00000000180e0000] [id=4952]
  0x0000000017615000 WatcherThread [stack: 0x0000000018900000,0x0000000018a00000] [id=6360]

VM state:not at safepoint (normal execution)

VM Mutex/Monitor currently owned by a thread: None

heap address: 0x0000000080000000, size: 2048 MB, Compressed Oops mode: 32-bit
Narrow klass base: 0x0000000000000000, Narrow klass shift: 3
Compressed class space size: 1073741824 Address: 0x0000000100000000

Heap:
 PSYoungGen      total 124928K, used 89678K [0x00000000d5580000, 0x00000000ddb80000, 0x0000000100000000)
  eden space 114176K, 78% used [0x00000000d5580000,0x00000000dad13988,0x00000000dc500000)
  from space 10752K, 0% used [0x00000000dd000000,0x00000000dd000000,0x00000000dda80000)
  to   space 11264K, 0% used [0x00000000dc500000,0x00000000dc500000,0x00000000dd000000)
 ParOldGen       total 58368K, used 16080K [0x0000000080000000, 0x0000000083900000, 0x00000000d5580000)
  object space 58368K, 27% used [0x0000000080000000,0x0000000080fb4138,0x0000000083900000)
 Metaspace       used 41839K, capacity 43322K, committed 43688K, reserved 1089536K
  class space    used 5655K, capacity 5989K, committed 6056K, reserved 1048576K

Card table byte_map: [0x0000000011f80000,0x0000000012390000] byte_map_base: 0x0000000011b80000

Marking Bits: (ParMarkBitMap*) 0x000000005e92f030
 Begin Bits: [0x0000000012840000, 0x0000000014840000)
 End Bits:   [0x0000000014840000, 0x0000000016840000)

Polling page: 0x0000000001110000

CodeCache: size=245760Kb used=11937Kb max_used=11937Kb free=233822Kb
 bounds [0x0000000002bc0000, 0x0000000003780000, 0x0000000011bc0000]
 total_blobs=4274 nmethods=3537 adapters=650
 compilation: enabled

Compilation events (10 events):
Event: 17.638 Thread 0x00000000175a4000 nmethod 3798 0x000000000375f250 code [0x000000000375f3c0, 0x000000000375f588]
Event: 17.643 Thread 0x00000000175a4000 3799       3       org.gradle.internal.instantiation.generator.AbstractClassGenerator$ClassGenerationHandler::<init> (5 bytes)
Event: 17.643 Thread 0x00000000175a4000 nmethod 3799 0x000000000375edd0 code [0x000000000375ef40, 0x000000000375f150]
Event: 17.643 Thread 0x00000000175a4000 3800       3       org.gradle.internal.instantiation.generator.AbstractClassGenerator$ClassGenerationHandler::<init> (5 bytes)
Event: 17.643 Thread 0x00000000175a4000 nmethod 3800 0x000000000376f4d0 code [0x000000000376f620, 0x000000000376f7d0]
Event: 17.644 Thread 0x00000000175a1000 3801       4       org.objectweb.asm.Frame::execute (2318 bytes)
Event: 17.654 Thread 0x00000000175a4000 3802       3       org.gradle.cache.internal.DefaultCrossBuildInMemoryCacheFactory$AbstractCrossBuildInMemoryCache::getIfPresent (43 bytes)
Event: 17.655 Thread 0x00000000175a4000 nmethod 3802 0x000000000376f890 code [0x000000000376fa20, 0x000000000376fe88]
Event: 17.657 Thread 0x00000000175a4000 3803       3       sun.reflect.generics.parser.SignatureParser::parseTypeVariableSignature (93 bytes)
Event: 17.658 Thread 0x00000000175a4000 nmethod 3803 0x000000000376ffd0 code [0x0000000003770220, 0x0000000003770d18]

GC Heap History (10 events):
Event: 9.416 GC heap before
{Heap before GC invocations=6 (full 0):
 PSYoungGen      total 61952K, used 31831K [0x00000000d5580000, 0x00000000dda80000, 0x0000000100000000)
  eden space 57344K, 47% used [0x00000000d5580000,0x00000000d701dbe0,0x00000000d8d80000)
  from space 4608K, 99% used [0x00000000d8d80000,0x00000000d91f8020,0x00000000d9200000)
  to   space 10752K, 0% used [0x00000000dd000000,0x00000000dd000000,0x00000000dda80000)
 ParOldGen       total 76800K, used 8144K [0x0000000080000000, 0x0000000084b00000, 0x00000000d5580000)
  object space 76800K, 10% used [0x0000000080000000,0x00000000807f41d8,0x0000000084b00000)
 Metaspace       used 20563K, capacity 21240K, committed 21296K, reserved 1067008K
  class space    used 2873K, capacity 3088K, committed 3120K, reserved 1048576K
Event: 9.439 GC heap after
Heap after GC invocations=6 (full 0):
 PSYoungGen      total 124928K, used 7527K [0x00000000d5580000, 0x00000000ddb80000, 0x0000000100000000)
  eden space 114176K, 0% used [0x00000000d5580000,0x00000000d5580000,0x00000000dc500000)
  from space 10752K, 70% used [0x00000000dd000000,0x00000000dd759d30,0x00000000dda80000)
  to   space 11264K, 0% used [0x00000000dc500000,0x00000000dc500000,0x00000000dd000000)
 ParOldGen       total 76800K, used 8152K [0x0000000080000000, 0x0000000084b00000, 0x00000000d5580000)
  object space 76800K, 10% used [0x0000000080000000,0x00000000807f61d8,0x0000000084b00000)
 Metaspace       used 20563K, capacity 21240K, committed 21296K, reserved 1067008K
  class space    used 2873K, capacity 3088K, committed 3120K, reserved 1048576K
}
Event: 9.439 GC heap before
{Heap before GC invocations=7 (full 1):
 PSYoungGen      total 124928K, used 7527K [0x00000000d5580000, 0x00000000ddb80000, 0x0000000100000000)
  eden space 114176K, 0% used [0x00000000d5580000,0x00000000d5580000,0x00000000dc500000)
  from space 10752K, 70% used [0x00000000dd000000,0x00000000dd759d30,0x00000000dda80000)
  to   space 11264K, 0% used [0x00000000dc500000,0x00000000dc500000,0x00000000dd000000)
 ParOldGen       total 76800K, used 8152K [0x0000000080000000, 0x0000000084b00000, 0x00000000d5580000)
  object space 76800K, 10% used [0x0000000080000000,0x00000000807f61d8,0x0000000084b00000)
 Metaspace       used 20563K, capacity 21240K, committed 21296K, reserved 1067008K
  class space    used 2873K, capacity 3088K, committed 3120K, reserved 1048576K
Event: 9.536 GC heap after
Heap after GC invocations=7 (full 1):
 PSYoungGen      total 124928K, used 0K [0x00000000d5580000, 0x00000000ddb80000, 0x0000000100000000)
  eden space 114176K, 0% used [0x00000000d5580000,0x00000000d5580000,0x00000000dc500000)
  from space 10752K, 0% used [0x00000000dd000000,0x00000000dd000000,0x00000000dda80000)
  to   space 11264K, 0% used [0x00000000dc500000,0x00000000dc500000,0x00000000dd000000)
 ParOldGen       total 58368K, used 13179K [0x0000000080000000, 0x0000000083900000, 0x00000000d5580000)
  object space 58368K, 22% used [0x0000000080000000,0x0000000080cdece0,0x0000000083900000)
 Metaspace       used 20563K, capacity 21240K, committed 21296K, reserved 1067008K
  class space    used 2873K, capacity 3088K, committed 3120K, reserved 1048576K
}
Event: 13.011 GC heap before
{Heap before GC invocations=8 (full 1):
 PSYoungGen      total 124928K, used 114176K [0x00000000d5580000, 0x00000000ddb80000, 0x0000000100000000)
  eden space 114176K, 100% used [0x00000000d5580000,0x00000000dc500000,0x00000000dc500000)
  from space 10752K, 0% used [0x00000000dd000000,0x00000000dd000000,0x00000000dda80000)
  to   space 11264K, 0% used [0x00000000dc500000,0x00000000dc500000,0x00000000dd000000)
 ParOldGen       total 58368K, used 13179K [0x0000000080000000, 0x0000000083900000, 0x00000000d5580000)
  object space 58368K, 22% used [0x0000000080000000,0x0000000080cdece0,0x0000000083900000)
 Metaspace       used 31798K, capacity 32598K, committed 32816K, reserved 1077248K
  class space    used 4311K, capacity 4544K, committed 4656K, reserved 1048576K
Event: 13.084 GC heap after
Heap after GC invocations=8 (full 1):
 PSYoungGen      total 125440K, used 11255K [0x00000000d5580000, 0x00000000ddb80000, 0x0000000100000000)
  eden space 114176K, 0% used [0x00000000d5580000,0x00000000d5580000,0x00000000dc500000)
  from space 11264K, 99% used [0x00000000dc500000,0x00000000dcffdf00,0x00000000dd000000)
  to   space 10752K, 0% used [0x00000000dd000000,0x00000000dd000000,0x00000000dda80000)
 ParOldGen       total 58368K, used 14274K [0x0000000080000000, 0x0000000083900000, 0x00000000d5580000)
  object space 58368K, 24% used [0x0000000080000000,0x0000000080df0ab0,0x0000000083900000)
 Metaspace       used 31798K, capacity 32598K, committed 32816K, reserved 1077248K
  class space    used 4311K, capacity 4544K, committed 4656K, reserved 1048576K
}
Event: 14.434 GC heap before
{Heap before GC invocations=9 (full 1):
 PSYoungGen      total 125440K, used 78320K [0x00000000d5580000, 0x00000000ddb80000, 0x0000000100000000)
  eden space 114176K, 58% used [0x00000000d5580000,0x00000000d96fe430,0x00000000dc500000)
  from space 11264K, 99% used [0x00000000dc500000,0x00000000dcffdf00,0x00000000dd000000)
  to   space 10752K, 0% used [0x00000000dd000000,0x00000000dd000000,0x00000000dda80000)
 ParOldGen       total 58368K, used 14274K [0x0000000080000000, 0x0000000083900000, 0x00000000d5580000)
  object space 58368K, 24% used [0x0000000080000000,0x0000000080df0ab0,0x0000000083900000)
 Metaspace       used 34411K, capacity 35354K, committed 35496K, reserved 1079296K
  class space    used 4711K, capacity 4938K, committed 5032K, reserved 1048576K
Event: 14.460 GC heap after
Heap after GC invocations=9 (full 1):
 PSYoungGen      total 124928K, used 9580K [0x00000000d5580000, 0x00000000ddb80000, 0x0000000100000000)
  eden space 114176K, 0% used [0x00000000d5580000,0x00000000d5580000,0x00000000dc500000)
  from space 10752K, 89% used [0x00000000dd000000,0x00000000dd95b2c0,0x00000000dda80000)
  to   space 11264K, 0% used [0x00000000dc500000,0x00000000dc500000,0x00000000dd000000)
 ParOldGen       total 58368K, used 14282K [0x0000000080000000, 0x0000000083900000, 0x00000000d5580000)
  object space 58368K, 24% used [0x0000000080000000,0x0000000080df2ab0,0x0000000083900000)
 Metaspace       used 34411K, capacity 35354K, committed 35496K, reserved 1079296K
  class space    used 4711K, capacity 4938K, committed 5032K, reserved 1048576K
}
Event: 14.460 GC heap before
{Heap before GC invocations=10 (full 2):
 PSYoungGen      total 124928K, used 9580K [0x00000000d5580000, 0x00000000ddb80000, 0x0000000100000000)
  eden space 114176K, 0% used [0x00000000d5580000,0x00000000d5580000,0x00000000dc500000)
  from space 10752K, 89% used [0x00000000dd000000,0x00000000dd95b2c0,0x00000000dda80000)
  to   space 11264K, 0% used [0x00000000dc500000,0x00000000dc500000,0x00000000dd000000)
 ParOldGen       total 58368K, used 14282K [0x0000000080000000, 0x0000000083900000, 0x00000000d5580000)
  object space 58368K, 24% used [0x0000000080000000,0x0000000080df2ab0,0x0000000083900000)
 Metaspace       used 34411K, capacity 35354K, committed 35496K, reserved 1079296K
  class space    used 4711K, capacity 4938K, committed 5032K, reserved 1048576K
Event: 14.645 GC heap after
Heap after GC invocations=10 (full 2):
 PSYoungGen      total 124928K, used 0K [0x00000000d5580000, 0x00000000ddb80000, 0x0000000100000000)
  eden space 114176K, 0% used [0x00000000d5580000,0x00000000d5580000,0x00000000dc500000)
  from space 10752K, 0% used [0x00000000dd000000,0x00000000dd000000,0x00000000dda80000)
  to   space 11264K, 0% used [0x00000000dc500000,0x00000000dc500000,0x00000000dd000000)
 ParOldGen       total 58368K, used 16080K [0x0000000080000000, 0x0000000083900000, 0x00000000d5580000)
  object space 58368K, 27% used [0x0000000080000000,0x0000000080fb4138,0x0000000083900000)
 Metaspace       used 34411K, capacity 35354K, committed 35496K, reserved 1079296K
  class space    used 4711K, capacity 4938K, committed 5032K, reserved 1048576K
}

Deoptimization events (10 events):
Event: 14.256 Thread 0x000000001950b000 Uncommon trap: reason=unstable_if action=reinterpret pc=0x00000000031601cc method=jdk.internal.org.objectweb.asm.Type.getArgumentsAndReturnSizes(Ljava/lang/String;)I @ 88
Event: 15.433 Thread 0x000000001bdc5000 Uncommon trap: reason=class_check action=maybe_recompile pc=0x0000000003135664 method=java.util.concurrent.ConcurrentHashMap.putVal(Ljava/lang/Object;Ljava/lang/Object;Z)Ljava/lang/Object; @ 192
Event: 15.434 Thread 0x000000001bdc4800 Uncommon trap: reason=class_check action=maybe_recompile pc=0x0000000003135664 method=java.util.concurrent.ConcurrentHashMap.putVal(Ljava/lang/Object;Ljava/lang/Object;Z)Ljava/lang/Object; @ 192
Event: 15.576 Thread 0x000000001bdc4800 Uncommon trap: reason=unstable_if action=reinterpret pc=0x00000000030cf5b0 method=java.util.concurrent.ConcurrentHashMap.addCount(JI)V @ 34
Event: 15.577 Thread 0x000000001bdc4800 Uncommon trap: reason=unstable_if action=reinterpret pc=0x00000000031355d4 method=java.util.concurrent.ConcurrentHashMap.addCount(JI)V @ 7
Event: 16.389 Thread 0x000000001950b000 Uncommon trap: reason=unstable_if action=reinterpret pc=0x0000000002f71f4c method=java.util.jar.JarFile.match([C[B[I[I)Z @ 29
Event: 16.526 Thread 0x000000001950b000 Uncommon trap: reason=unstable_if action=reinterpret pc=0x000000000306458c method=java.util.WeakHashMap.expungeStaleEntries()V @ 66
Event: 16.962 Thread 0x000000001950b000 Uncommon trap: reason=unstable_if action=reinterpret pc=0x0000000002dbc868 method=java.io.BufferedInputStream.read([BII)I @ 56
Event: 17.124 Thread 0x000000001950b000 Uncommon trap: reason=unstable_if action=reinterpret pc=0x00000000034b0f28 method=java.security.CodeSource.hashCode()I @ 4
Event: 17.636 Thread 0x000000001950b000 Uncommon trap: reason=unstable_if action=reinterpret pc=0x00000000033ef6e8 method=org.objectweb.asm.ByteVector.putUTF8(Ljava/lang/String;)Lorg/objectweb/asm/ByteVector; @ 93

Classes redefined (0 events):
No events

Internal exceptions (10 events):
Event: 16.580 Thread 0x00000000194f4800 Exception <a 'java/lang/NoSuchMethodError': <clinit>> (0x00000000d55aad40) thrown at [C:\src\AOSP-openjdk-git\hotspot\src\share\vm\prims\jni.cpp, line 1615]
Event: 16.583 Thread 0x00000000194f4800 Exception <a 'java/lang/NoSuchMethodError': <clinit>> (0x00000000d55b4fb0) thrown at [C:\src\AOSP-openjdk-git\hotspot\src\share\vm\prims\jni.cpp, line 1615]
Event: 16.586 Thread 0x00000000194f4800 Exception <a 'java/lang/NoSuchMethodError': <clinit>> (0x00000000d55bfed0) thrown at [C:\src\AOSP-openjdk-git\hotspot\src\share\vm\prims\jni.cpp, line 1615]
Event: 16.590 Thread 0x00000000194f4800 Exception <a 'java/lang/NoSuchMethodError': <clinit>> (0x00000000d55d32d8) thrown at [C:\src\AOSP-openjdk-git\hotspot\src\share\vm\prims\jni.cpp, line 1615]
Event: 16.660 Thread 0x000000001950b000 Exception <a 'java/lang/ClassNotFoundException': build_73ewzsouzaa0plru1vlgia0csBeanInfo> (0x00000000d841e260) thrown at [C:\src\AOSP-openjdk-git\hotspot\src\share\vm\classfile\systemDictionary.cpp, line 210]
Event: 16.661 Thread 0x000000001950b000 Exception <a 'java/lang/ClassNotFoundException': build_73ewzsouzaa0plru1vlgia0csCustomizer> (0x00000000d842b470) thrown at [C:\src\AOSP-openjdk-git\hotspot\src\share\vm\classfile\systemDictionary.cpp, line 210]
Event: 16.672 Thread 0x000000001950b000 Exception <a 'java/lang/ClassNotFoundException': org/gradle/api/internal/plugins/DefaultObjectConfigurationActionBeanInfo> (0x00000000d84a8c58) thrown at [C:\src\AOSP-openjdk-git\hotspot\src\share\vm\classfile\systemDictionary.cpp, line 210]
Event: 16.674 Thread 0x000000001950b000 Exception <a 'java/lang/ClassNotFoundException': org/gradle/api/internal/plugins/DefaultObjectConfigurationActionCustomizer> (0x00000000d84f0978) thrown at [C:\src\AOSP-openjdk-git\hotspot\src\share\vm\classfile\systemDictionary.cpp, line 210]
Event: 17.123 Thread 0x000000001950b000 Implicit null exception at 0x00000000034ac78a to 0x00000000034b0ecd
Event: 17.298 Thread 0x000000001950b000 Exception <a 'sun/nio/fs/WindowsException'> (0x00000000d99999a0) thrown at [C:\src\AOSP-openjdk-git\hotspot\src\share\vm\prims\jni.cpp, line 710]

Events (10 events):
Event: 17.699 loading class com/google/common/util/concurrent/AbstractFuture$Cancellation
Event: 17.699 loading class com/google/common/util/concurrent/AbstractFuture$Cancellation done
Event: 17.700 loading class com/google/common/util/concurrent/AbstractFuture$Failure
Event: 17.700 loading class com/google/common/util/concurrent/AbstractFuture$Failure done
Event: 17.701 loading class com/google/common/cache/LocalCache$StrongValueReference
Event: 17.701 loading class com/google/common/cache/LocalCache$StrongValueReference done
Event: 17.702 loading class com/google/common/collect/Maps
Event: 17.702 loading class com/google/common/collect/Maps done
Event: 17.705 loading class com/google/common/base/Converter
Event: 17.705 loading class com/google/common/base/Converter done


Dynamic libraries:
0x00007ff7dd8f0000 - 0x00007ff7dd921000 	C:\Program Files\Android\Android Studio\jre\bin\java.exe
0x00007ff86f300000 - 0x00007ff86f4f0000 	C:\Windows\SYSTEM32\ntdll.dll
0x00007ff86ed50000 - 0x00007ff86ee02000 	C:\Windows\System32\KERNEL32.DLL
0x00007ff86cc60000 - 0x00007ff86cf04000 	C:\Windows\System32\KERNELBASE.dll
0x00007ff86efc0000 - 0x00007ff86f063000 	C:\Windows\System32\ADVAPI32.dll
0x00007ff86e3b0000 - 0x00007ff86e44e000 	C:\Windows\System32\msvcrt.dll
0x00007ff86ef20000 - 0x00007ff86efb7000 	C:\Windows\System32\sechost.dll
0x00007ff86ea80000 - 0x00007ff86eba0000 	C:\Windows\System32\RPCRT4.dll
0x00007ff86e610000 - 0x00007ff86e7a4000 	C:\Windows\System32\USER32.dll
0x00007ff86d300000 - 0x00007ff86d321000 	C:\Windows\System32\win32u.dll
0x00007ff86de90000 - 0x00007ff86deb6000 	C:\Windows\System32\GDI32.dll
0x00007ff86d050000 - 0x00007ff86d1e6000 	C:\Windows\System32\gdi32full.dll
0x00007ff86d1f0000 - 0x00007ff86d28e000 	C:\Windows\System32\msvcp_win.dll
0x00007ff86cb60000 - 0x00007ff86cc5a000 	C:\Windows\System32\ucrtbase.dll
0x00007ff85cd50000 - 0x00007ff85cfd4000 	C:\Windows\WinSxS\amd64_microsoft.windows.common-controls_6595b64144ccf1df_6.0.18362.959_none_e6c7bbbf130c62bb\COMCTL32.dll
0x00007ff86d460000 - 0x00007ff86d795000 	C:\Windows\System32\combase.dll
0x00007ff86d330000 - 0x00007ff86d3b0000 	C:\Windows\System32\bcryptPrimitives.dll
0x00007ff86f220000 - 0x00007ff86f24e000 	C:\Windows\System32\IMM32.DLL
0x000000005dfa0000 - 0x000000005e072000 	C:\Program Files\Android\Android Studio\jre\jre\bin\msvcr100.dll
0x000000005e160000 - 0x000000005e9ab000 	C:\Program Files\Android\Android Studio\jre\jre\bin\server\jvm.dll
0x00007ff86ee90000 - 0x00007ff86ee98000 	C:\Windows\System32\PSAPI.DLL
0x00007ff869de0000 - 0x00007ff869e04000 	C:\Windows\SYSTEM32\WINMM.dll
0x00007ff8505a0000 - 0x00007ff8505a9000 	C:\Windows\SYSTEM32\WSOCK32.dll
0x00007ff86f070000 - 0x00007ff86f0df000 	C:\Windows\System32\WS2_32.dll
0x00007ff863900000 - 0x00007ff86390a000 	C:\Windows\SYSTEM32\VERSION.dll
0x00007ff869db0000 - 0x00007ff869ddd000 	C:\Windows\SYSTEM32\WINMMBASE.dll
0x00007ff86d2b0000 - 0x00007ff86d2fa000 	C:\Windows\System32\cfgmgr32.dll
0x00007ff864150000 - 0x00007ff86415f000 	C:\Program Files\Android\Android Studio\jre\jre\bin\verify.dll
0x00007ff84b240000 - 0x00007ff84b269000 	C:\Program Files\Android\Android Studio\jre\jre\bin\java.dll
0x00007ff8531f0000 - 0x00007ff853206000 	C:\Program Files\Android\Android Studio\jre\jre\bin\zip.dll
0x00007ff86d7a0000 - 0x00007ff86de86000 	C:\Windows\System32\SHELL32.dll
0x00007ff86e890000 - 0x00007ff86e939000 	C:\Windows\System32\shcore.dll
0x00007ff86c3d0000 - 0x00007ff86cb52000 	C:\Windows\System32\windows.storage.dll
0x00007ff86c1e0000 - 0x00007ff86c203000 	C:\Windows\System32\profapi.dll
0x00007ff86c210000 - 0x00007ff86c25a000 	C:\Windows\System32\powrprof.dll
0x00007ff86c1b0000 - 0x00007ff86c1c0000 	C:\Windows\System32\UMPDC.dll
0x00007ff86f260000 - 0x00007ff86f2b2000 	C:\Windows\System32\shlwapi.dll
0x00007ff86c260000 - 0x00007ff86c271000 	C:\Windows\System32\kernel.appcore.dll
0x00007ff86d290000 - 0x00007ff86d2a7000 	C:\Windows\System32\cryptsp.dll
0x00007ff84b1c0000 - 0x00007ff84b1da000 	C:\Program Files\Android\Android Studio\jre\jre\bin\net.dll
0x00007ff86b9c0000 - 0x00007ff86ba27000 	C:\Windows\system32\mswsock.dll
0x00007ff85e420000 - 0x00007ff85e433000 	C:\Program Files\Android\Android Studio\jre\jre\bin\nio.dll
0x00007ff860d90000 - 0x00007ff860db6000 	C:\Users\Juan Hoyos\.gradle\native\31\windows-amd64\native-platform.dll
0x00007ff860bd0000 - 0x00007ff860bdd000 	C:\Program Files\Android\Android Studio\jre\jre\bin\management.dll
0x00007ff86b530000 - 0x00007ff86b563000 	C:\Windows\system32\rsaenh.dll
0x00007ff86d020000 - 0x00007ff86d046000 	C:\Windows\System32\bcrypt.dll
0x00007ff86c0a0000 - 0x00007ff86c0c5000 	C:\Windows\SYSTEM32\USERENV.dll
0x00007ff86bb90000 - 0x00007ff86bb9c000 	C:\Windows\SYSTEM32\CRYPTBASE.dll
0x00007ff86b6d0000 - 0x00007ff86b70a000 	C:\Windows\SYSTEM32\IPHLPAPI.DLL
0x00007ff86f250000 - 0x00007ff86f258000 	C:\Windows\System32\NSI.dll
0x00007ff85cd30000 - 0x00007ff85cd46000 	C:\Windows\SYSTEM32\dhcpcsvc6.DLL
0x00007ff85d0d0000 - 0x00007ff85d0ec000 	C:\Windows\SYSTEM32\dhcpcsvc.DLL
0x00007ff86b720000 - 0x00007ff86b7eb000 	C:\Windows\SYSTEM32\DNSAPI.dll

VM Arguments:
jvm_args: -Xmx2048m -Dfile.encoding=windows-1252 -Duser.country=CO -Duser.language=es -Duser.variant 
java_command: org.gradle.launcher.daemon.bootstrap.GradleDaemon 6.1.1
java_class_path (initial): C:\Users\Juan Hoyos\.gradle\wrapper\dists\gradle-6.1.1-all\cfmwm155h49vnt3hynmlrsdst\gradle-6.1.1\lib\gradle-launcher-6.1.1.jar
Launcher Type: SUN_STANDARD

Environment Variables:
PATH=C:\Program Files (x86)\Common Files\Oracle\Java\javapath;C:\Windows\system32;C:\Windows;C:\Windows\System32\Wbem;C:\Windows\System32\WindowsPowerShell\v1.0\;C:\Windows\System32\OpenSSH\;C:\Program Files\nodejs\;C:\Program Files\dotnet\;C:\Program Files\Microsoft SQL Server\130\Tools\Binn\;C:\Program Files\Git\cmd;C:\Users\Juan Hoyos\AppData\Local\Programs\Python\Python38-32\Scripts\;C:\Users\Juan Hoyos\AppData\Local\Programs\Python\Python38-32\;C:\Program Files\MySQL\MySQL Shell 8.0\bin\;C:\Users\Juan Hoyos\AppData\Local\Microsoft\WindowsApps;;C:\Users\Juan Hoyos\AppData\Local\Programs\Microsoft VS Code\bin;C:\Users\Juan Hoyos\AppData\Roaming\npm;C:\Users\Juan Hoyos\.dotnet\tools
USERNAME=Juan Hoyos
OS=Windows_NT
PROCESSOR_IDENTIFIER=AMD64 Family 21 Model 112 Stepping 0, AuthenticAMD



---------------  S Y S T E M  ---------------

OS: Windows 10.0 , 64 bit Build 18362 (10.0.18362.959)

CPU:total 2 (initial active 2) (2 cores per cpu, 1 threads per core) family 21 model 112 stepping 0, cmov, cx8, fxsr, mmx, sse, sse2, sse3, ssse3, sse4.1, sse4.2, popcnt, avx, avx2, aes, clmul, mmxext, 3dnowpref, lzcnt, sse4a, tsc, tscinvbit, tscinv, bmi1

Memory: 4k page, physical 7225312k(1087748k free), swap 10297312k(5124k free)

vm_info: OpenJDK 64-Bit Server VM (25.242-b01) for windows-amd64 JRE (1.8.0_242-release-1644-b01), built by "builder" with MS VC++ 10.0 (VS2010)

time: Sun Aug 09 20:02:28 2020
timezone: Hora est. Pacífico, Sudamérica
elapsed time: 17 seconds (0d 0h 0m 17s)

