#
# There is insufficient memory for the Java Runtime Environment to continue.
# Native memory allocation (malloc) failed to allocate 67040 bytes for Chunk::new
# Possible reasons:
#   The system is out of physical RAM or swap space
#   The process is running with CompressedOops enabled, and the Java Heap may be blocking the growth of the native heap
# Possible solutions:
#   Reduce memory load on the system
#   Increase physical memory or swap space
#   Check if swap backing store is full
#   Decrease Java heap size (-Xmx/-Xms)
#   Decrease number of Java threads
#   Decrease Java thread stack sizes (-Xss)
#   Set larger code cache with -XX:ReservedCodeCacheSize=
#   JVM is running with Unscaled Compressed Oops mode in which the Java heap is
#     placed in the first 4GB address space. The Java Heap base address is the
#     maximum limit for the native heap growth. Please use -XX:HeapBaseMinAddress
#     to set the Java Heap base and to place the Java Heap above 4GB virtual address.
# This output file may be truncated or incomplete.
#
#  Out of Memory Error (allocation.cpp:389), pid=3512, tid=0x0000000000002ad8
#
# JRE version: OpenJDK Runtime Environment (8.0_242-b01) (build 1.8.0_242-release-1644-b01)
# Java VM: OpenJDK 64-Bit Server VM (25.242-b01 mixed mode windows-amd64 compressed oops)
# Failed to write core dump. Minidumps are not enabled by default on client versions of Windows
#

---------------  T H R E A D  ---------------

Current thread (0x0000000016c87800):  JavaThread "C1 CompilerThread1" daemon [_thread_in_native, id=10968, stack(0x0000000017db0000,0x0000000017eb0000)]

Stack: [0x0000000017db0000,0x0000000017eb0000]
[error occurred during error reporting (printing stack bounds), id 0xc0000005]

Native frames: (J=compiled Java code, j=interpreted, Vv=VM code, C=native code)


Current CompileTask:
C1:   5092 1158   !   3       kotlin.reflect.jvm.internal.impl.metadata.ProtoBuf$Class::<init> (1949 bytes)


---------------  P R O C E S S  ---------------

Java Threads: ( => current thread )
  0x0000000016ccd800 JavaThread "Service Thread" daemon [_thread_blocked, id=4940, stack(0x0000000017eb0000,0x0000000017fb0000)]
=>0x0000000016c87800 JavaThread "C1 CompilerThread1" daemon [_thread_in_native, id=10968, stack(0x0000000017db0000,0x0000000017eb0000)]
  0x0000000016c66800 JavaThread "C2 CompilerThread0" daemon [_thread_blocked, id=13932, stack(0x0000000017cb0000,0x0000000017db0000)]
  0x0000000016c65000 JavaThread "Attach Listener" daemon [_thread_blocked, id=10112, stack(0x0000000017bb0000,0x0000000017cb0000)]
  0x0000000016c63800 JavaThread "Signal Dispatcher" daemon [_thread_blocked, id=4000, stack(0x0000000017ab0000,0x0000000017bb0000)]
  0x0000000002cca000 JavaThread "Finalizer" daemon [_thread_blocked, id=2528, stack(0x0000000017890000,0x0000000017990000)]
  0x0000000002cc3000 JavaThread "Reference Handler" daemon [_thread_blocked, id=6424, stack(0x0000000017790000,0x0000000017890000)]
  0x0000000002bd4000 JavaThread "main" [_thread_in_vm, id=8808, stack(0x0000000002a60000,0x0000000002b60000)]

Other Threads:
  0x0000000016c24800 VMThread [stack: 0x0000000017690000,0x0000000017790000] [id=8504]
  0x0000000016cd3800 WatcherThread [stack: 0x0000000017fb0000,0x00000000180b0000] [id=12320]

VM state:not at safepoint (normal execution)

VM Mutex/Monitor currently owned by a thread: None

heap address: 0x0000000091c00000, size: 1764 MB, Compressed Oops mode: 32-bit
Narrow klass base: 0x0000000000000000, Narrow klass shift: 3
Compressed class space size: 1073741824 Address: 0x0000000100000000

Heap:
 PSYoungGen      total 33280K, used 16397K [0x00000000db400000, 0x00000000dd900000, 0x0000000100000000)
  eden space 28672K, 41% used [0x00000000db400000,0x00000000dbf841e8,0x00000000dd000000)
  from space 4608K, 99% used [0x00000000dd000000,0x00000000dd47f2d0,0x00000000dd480000)
  to   space 4608K, 0% used [0x00000000dd480000,0x00000000dd480000,0x00000000dd900000)
 ParOldGen       total 76800K, used 1946K [0x0000000091c00000, 0x0000000096700000, 0x00000000db400000)
  object space 76800K, 2% used [0x0000000091c00000,0x0000000091de6950,0x0000000096700000)
 Metaspace       used 10921K, capacity 11068K, committed 11264K, reserved 1058816K
  class space    used 1181K, capacity 1244K, committed 1280K, reserved 1048576K

Card table byte_map: [0x0000000012090000,0x0000000012410000] byte_map_base: 0x0000000011c02000

Marking Bits: (ParMarkBitMap*) 0x000000005dacf030
 Begin Bits: [0x0000000012860000, 0x00000000143f0000)
 End Bits:   [0x00000000143f0000, 0x0000000015f80000)

Polling page: 0x00000000011f0000

CodeCache: size=245760Kb used=3875Kb max_used=3887Kb free=241885Kb
 bounds [0x0000000002cd0000, 0x00000000030a0000, 0x0000000011cd0000]
 total_blobs=1495 nmethods=1158 adapters=251
 compilation: enabled

Compilation events (10 events):
Event: 5.067 Thread 0x0000000016c87800 1156       3       kotlin.reflect.jvm.internal.impl.metadata.ProtoBuf$Annotation$Argument$Value$Type::valueOf (122 bytes)
Event: 5.067 Thread 0x0000000016c66800 nmethod 1152 0x000000000305df50 code [0x000000000305e080, 0x000000000305e0d8]
Event: 5.067 Thread 0x0000000016c87800 nmethod 1156 0x0000000003092c10 code [0x0000000003092da0, 0x0000000003093070]
Event: 5.067 Thread 0x0000000016c87800 1157       3       kotlin.reflect.jvm.internal.impl.metadata.ProtoBuf$Annotation$Argument$Value::isInitialized (83 bytes)
Event: 5.068 Thread 0x0000000016c87800 nmethod 1157 0x0000000003091c10 code [0x0000000003091e00, 0x0000000003092918]
Event: 5.068 Thread 0x0000000016c87800 1159   !   3       kotlin.reflect.jvm.internal.impl.metadata.ProtoBuf$Annotation$Argument::<init> (342 bytes)
Event: 5.070 Thread 0x0000000016c66800 1162       4       kotlin.reflect.jvm.internal.impl.protobuf.CodedInputStream::readMessage (74 bytes)
Event: 5.071 Thread 0x0000000016c87800 nmethod 1159 0x0000000003096a50 code [0x0000000003096e80, 0x0000000003099db8]
Event: 5.072 Thread 0x0000000016c87800 1158   !   3       kotlin.reflect.jvm.internal.impl.metadata.ProtoBuf$Class::<init> (1949 bytes)
Event: 5.079 Thread 0x0000000016c66800 nmethod 1162 0x000000000309d450 code [0x000000000309d5c0, 0x000000000309da88]

GC Heap History (2 events):
Event: 3.380 GC heap before
{Heap before GC invocations=1 (full 0):
 PSYoungGen      total 33280K, used 28672K [0x00000000db400000, 0x00000000dd900000, 0x0000000100000000)
  eden space 28672K, 100% used [0x00000000db400000,0x00000000dd000000,0x00000000dd000000)
  from space 4608K, 0% used [0x00000000dd480000,0x00000000dd480000,0x00000000dd900000)
  to   space 4608K, 0% used [0x00000000dd000000,0x00000000dd000000,0x00000000dd480000)
 ParOldGen       total 76800K, used 0K [0x0000000091c00000, 0x0000000096700000, 0x00000000db400000)
  object space 76800K, 0% used [0x0000000091c00000,0x0000000091c00000,0x0000000096700000)
 Metaspace       used 9406K, capacity 9560K, committed 9856K, reserved 1058816K
  class space    used 1013K, capacity 1084K, committed 1152K, reserved 1048576K
Event: 3.398 GC heap after
Heap after GC invocations=1 (full 0):
 PSYoungGen      total 33280K, used 4604K [0x00000000db400000, 0x00000000dd900000, 0x0000000100000000)
  eden space 28672K, 0% used [0x00000000db400000,0x00000000db400000,0x00000000dd000000)
  from space 4608K, 99% used [0x00000000dd000000,0x00000000dd47f2d0,0x00000000dd480000)
  to   space 4608K, 0% used [0x00000000dd480000,0x00000000dd480000,0x00000000dd900000)
 ParOldGen       total 76800K, used 1946K [0x0000000091c00000, 0x0000000096700000, 0x00000000db400000)
  object space 76800K, 2% used [0x0000000091c00000,0x0000000091de6950,0x0000000096700000)
 Metaspace       used 9406K, capacity 9560K, committed 9856K, reserved 1058816K
  class space    used 1013K, capacity 1084K, committed 1152K, reserved 1048576K
}

Deoptimization events (2 events):
Event: 2.543 Thread 0x0000000002bd4000 Uncommon trap: reason=unstable_if action=reinterpret pc=0x0000000002eaf5ac method=java.lang.String.indexOf([CII[CIII)I @ 134
Event: 3.485 Thread 0x0000000002bd4000 Uncommon trap: reason=unstable_if action=reinterpret pc=0x0000000002f660ac method=kotlin.reflect.jvm.internal.impl.protobuf.CodedInputStream.readRawVarint32()I @ 10

Classes redefined (0 events):
No events

Internal exceptions (10 events):
Event: 1.403 Thread 0x0000000002bd4000 Exception <a 'java/lang/NoSuchFieldError': method resolution failed> (0x00000000db7925c0) thrown at [C:\src\AOSP-openjdk-git\hotspot\src\share\vm\prims\methodHandles.cpp, line 1167]
Event: 1.423 Thread 0x0000000002bd4000 Exception <a 'java/lang/NoSuchFieldError': method resolution failed> (0x00000000db79f9c0) thrown at [C:\src\AOSP-openjdk-git\hotspot\src\share\vm\prims\methodHandles.cpp, line 1167]
Event: 2.536 Thread 0x0000000002bd4000 Exception <a 'java/security/PrivilegedActionException'> (0x00000000dc288b50) thrown at [C:\src\AOSP-openjdk-git\hotspot\src\share\vm\prims\jvm.cpp, line 1502]
Event: 2.537 Thread 0x0000000002bd4000 Exception <a 'java/security/PrivilegedActionException'> (0x00000000dc288f48) thrown at [C:\src\AOSP-openjdk-git\hotspot\src\share\vm\prims\jvm.cpp, line 1502]
Event: 2.539 Thread 0x0000000002bd4000 Exception <a 'java/security/PrivilegedActionException'> (0x00000000dc28d108) thrown at [C:\src\AOSP-openjdk-git\hotspot\src\share\vm\prims\jvm.cpp, line 1502]
Event: 2.539 Thread 0x0000000002bd4000 Exception <a 'java/security/PrivilegedActionException'> (0x00000000dc28d500) thrown at [C:\src\AOSP-openjdk-git\hotspot\src\share\vm\prims\jvm.cpp, line 1502]
Event: 2.540 Thread 0x0000000002bd4000 Exception <a 'java/security/PrivilegedActionException'> (0x00000000dc28eff0) thrown at [C:\src\AOSP-openjdk-git\hotspot\src\share\vm\prims\jvm.cpp, line 1502]
Event: 2.540 Thread 0x0000000002bd4000 Exception <a 'java/security/PrivilegedActionException'> (0x00000000dc28f3e8) thrown at [C:\src\AOSP-openjdk-git\hotspot\src\share\vm\prims\jvm.cpp, line 1502]
Event: 3.372 Thread 0x0000000002bd4000 Exception <a 'java/lang/ArrayIndexOutOfBoundsException'> (0x00000000dcfc3f10) thrown at [C:\src\AOSP-openjdk-git\hotspot\src\share\vm\runtime\sharedRuntime.cpp, line 605]
Event: 4.960 Thread 0x0000000002bd4000 Exception <a 'java/lang/ArrayIndexOutOfBoundsException'> (0x00000000dbd9c080) thrown at [C:\src\AOSP-openjdk-git\hotspot\src\share\vm\runtime\sharedRuntime.cpp, line 605]

Events (10 events):
Event: 5.042 loading class kotlin/reflect/jvm/internal/impl/serialization/deserialization/builtins/BuiltInsLoaderImpl
Event: 5.042 loading class kotlin/reflect/jvm/internal/impl/serialization/deserialization/builtins/BuiltInsLoaderImpl done
Event: 5.043 loading class kotlin/reflect/jvm/internal/impl/serialization/deserialization/builtins/BuiltInsResourceLoader
Event: 5.043 loading class kotlin/reflect/jvm/internal/impl/serialization/deserialization/builtins/BuiltInsResourceLoader done
Event: 5.043 loading class kotlin/reflect/jvm/internal/impl/descriptors/deserialization/PlatformDependentDeclarationFilter$NoPlatformDependent
Event: 5.043 loading class kotlin/reflect/jvm/internal/impl/descriptors/deserialization/PlatformDependentDeclarationFilter$NoPlatformDependent done
Event: 5.044 loading class kotlin/reflect/jvm/internal/impl/descriptors/deserialization/AdditionalClassPartsProvider$None
Event: 5.044 loading class kotlin/reflect/jvm/internal/impl/descriptors/deserialization/AdditionalClassPartsProvider$None done
Event: 5.045 loading class kotlin/reflect/jvm/internal/impl/serialization/deserialization/builtins/BuiltInsLoaderImpl$createPackageFragmentProvider$1
Event: 5.045 loading class kotlin/reflect/jvm/internal/impl/serialization/deserialization/builtins/BuiltInsLoaderImpl$createPackageFragmentProvider$1 done


Dynamic libraries:
0x00007ff6ea940000 - 0x00007ff6ea971000 	C:\Program Files\Android\Android Studio\jre\jre\bin\java.exe
0x00007ffef2a60000 - 0x00007ffef2c50000 	C:\Windows\SYSTEM32\ntdll.dll
0x00007ffef2680000 - 0x00007ffef2732000 	C:\Windows\System32\KERNEL32.DLL
0x00007ffef0710000 - 0x00007ffef09b4000 	C:\Windows\System32\KERNELBASE.dll
0x00007ffef2340000 - 0x00007ffef23e3000 	C:\Windows\System32\ADVAPI32.dll
0x00007ffef27f0000 - 0x00007ffef288e000 	C:\Windows\System32\msvcrt.dll
0x00007ffef25e0000 - 0x00007ffef2677000 	C:\Windows\System32\sechost.dll
0x00007ffef1eb0000 - 0x00007ffef1fd0000 	C:\Windows\System32\RPCRT4.dll
0x00007ffef20d0000 - 0x00007ffef2265000 	C:\Windows\System32\USER32.dll
0x00007ffef06e0000 - 0x00007ffef0701000 	C:\Windows\System32\win32u.dll
0x00007ffef29f0000 - 0x00007ffef2a16000 	C:\Windows\System32\GDI32.dll
0x00007ffeefa40000 - 0x00007ffeefbd6000 	C:\Windows\System32\gdi32full.dll
0x00007ffeefc60000 - 0x00007ffeefcfe000 	C:\Windows\System32\msvcp_win.dll
0x00007ffef05e0000 - 0x00007ffef06da000 	C:\Windows\System32\ucrtbase.dll
0x00007ffedc6f0000 - 0x00007ffedc974000 	C:\Windows\WinSxS\amd64_microsoft.windows.common-controls_6595b64144ccf1df_6.0.18362.1016_none_9e7a36bbe461dae4\COMCTL32.dll
0x00007ffef0f80000 - 0x00007ffef12b5000 	C:\Windows\System32\combase.dll
0x00007ffeefbe0000 - 0x00007ffeefc60000 	C:\Windows\System32\bcryptPrimitives.dll
0x00007ffef19b0000 - 0x00007ffef19de000 	C:\Windows\System32\IMM32.DLL
0x000000005d140000 - 0x000000005d212000 	C:\Program Files\Android\Android Studio\jre\jre\bin\msvcr100.dll
0x000000005d300000 - 0x000000005db4b000 	C:\Program Files\Android\Android Studio\jre\jre\bin\server\jvm.dll
0x00007ffef1ac0000 - 0x00007ffef1ac8000 	C:\Windows\System32\PSAPI.DLL
0x00007ffed6ec0000 - 0x00007ffed6ec9000 	C:\Windows\SYSTEM32\WSOCK32.dll
0x00007ffef22d0000 - 0x00007ffef233f000 	C:\Windows\System32\WS2_32.dll
0x00007ffee4c80000 - 0x00007ffee4ca4000 	C:\Windows\SYSTEM32\WINMM.dll
0x00007ffee8970000 - 0x00007ffee897a000 	C:\Windows\SYSTEM32\VERSION.dll
0x00007ffee4c50000 - 0x00007ffee4c7d000 	C:\Windows\SYSTEM32\WINMMBASE.dll
0x00007ffeefd00000 - 0x00007ffeefd4a000 	C:\Windows\System32\cfgmgr32.dll
0x00007ffeeac10000 - 0x00007ffeeac1f000 	C:\Program Files\Android\Android Studio\jre\jre\bin\verify.dll
0x00007ffede060000 - 0x00007ffede089000 	C:\Program Files\Android\Android Studio\jre\jre\bin\java.dll
0x00007ffee70c0000 - 0x00007ffee70d6000 	C:\Program Files\Android\Android Studio\jre\jre\bin\zip.dll
0x00007ffef12c0000 - 0x00007ffef19a7000 	C:\Windows\System32\SHELL32.dll
0x00007ffef2740000 - 0x00007ffef27e9000 	C:\Windows\System32\shcore.dll
0x00007ffeefd80000 - 0x00007ffef0502000 	C:\Windows\System32\windows.storage.dll
0x00007ffeef9b0000 - 0x00007ffeef9d3000 	C:\Windows\System32\profapi.dll
0x00007ffeef940000 - 0x00007ffeef98a000 	C:\Windows\System32\powrprof.dll
0x00007ffeef910000 - 0x00007ffeef920000 	C:\Windows\System32\UMPDC.dll
0x00007ffef2070000 - 0x00007ffef20c2000 	C:\Windows\System32\shlwapi.dll
0x00007ffeef920000 - 0x00007ffeef931000 	C:\Windows\System32\kernel.appcore.dll
0x00007ffef0510000 - 0x00007ffef0527000 	C:\Windows\System32\cryptsp.dll

VM Arguments:
java_command: org.jetbrains.kotlin.cli.jvm.K2JVMCompiler -Xallow-no-source-files -classpath C:\Users\Juan Hoyos\AndroidStudioProjects\Eldado\app\build\intermediates\compile_and_runtime_not_namespaced_r_class_jar\debug\R.jar;C:\Users\Juan Hoyos\.gradle\caches\transforms-2\files-2.1\3e8dc1072b3dc6d06f94c550fe8429a6\jetified-kotlin-android-extensions-runtime-1.3.72.jar;C:\Users\Juan Hoyos\.gradle\caches\transforms-2\files-2.1\edaef255ae3ef092003a6bdef3bdeb0b\jetified-core-ktx-1.1.0-api.jar;C:\Users\Juan Hoyos\.gradle\caches\transforms-2\files-2.1\b87f47617c59ac9ee181a007f480e53f\jetified-kotlin-stdlib-1.3.72.jar;C:\Users\Juan Hoyos\.gradle\caches\transforms-2\files-2.1\481f4a34bee68d86b8ce8774eb15d925\jetified-kotlin-stdlib-common-1.3.72.jar;C:\Users\Juan Hoyos\.gradle\caches\transforms-2\files-2.1\8d2026e1436f86ed1258cdda39e32916\jetified-annotations-13.0.jar;C:\Users\Juan Hoyos\.gradle\caches\transforms-2\files-2.1\5fea399201e4ebe8a300ca8c1145aea9\appcompat-1.1.0-api.jar;C:\Users\Juan Hoyos\.gradle\caches\transforms-2\files-2.1\c4417d818a733e73a41458470f86b9be\fragment-1.1.0-api.jar;C:\Users\Juan Hoyos\.gradle\caches\transforms-2\files-2.1\ec83cef778bde28be5de5bb66a978584\jetified-appcompat-resources-1.1.0-api.jar;C:\Users\Juan Hoyos\.gradle\caches\transforms-2\files-2.1\4c8ff528696f7b6e27953e8d6eeb01a9\drawerlayout-1.0.0-api.jar;C:\Users\Juan Hoyos\.gradle\caches\transforms-2\files-2.1\a93c93c702050f703c78764de0b113e8\viewpager-1.0.0-api.jar;C:\Users\Juan Hoyos\.gradle\caches\transforms-2\files-2.1\7df8f94dfe2872df3e5d3da266742398\loader-1.0.0-api.jar;C:\Users\Juan Hoyos\.gradle\caches\transforms-2\files-2.1\333aea6011630b1791363616251d4039\jetified-activity-1.0.0-api.jar;C:\Users\Juan Hoyos\.gradle\caches\transforms-2\files-2.1\9bb80f26171acae195bade97293151c9\vectordrawable-animated-1.1.0-api.jar;C:\Users\Juan Hoyos\.gradle\caches\transforms-2\files-2.1\f1ec0feb275f3ee75c8446afd4ec38f1\vectordrawable-1.1.0-api.jar;C:\Users\Juan Hoyos\.gradle\caches\transforms-2\
java_class_path (initial): C:\Users\Juan Hoyos\.gradle\caches\modules-2\files-2.1\org.jetbrains.kotlin\kotlin-compiler-embeddable\1.3.72\fb72232c8fa977d5e07d33c43381ddbdc5edab6\kotlin-compiler-embeddable-1.3.72.jar;C:\Users\Juan Hoyos\.gradle\caches\modules-2\files-2.1\org.jetbrains.kotlin\kotlin-reflect\1.3.72\86613e1a669a701b0c660bfd2af4f82a7ae11fca\kotlin-reflect-1.3.72.jar;C:\Users\Juan Hoyos\.gradle\caches\modules-2\files-2.1\org.jetbrains.kotlin\kotlin-stdlib\1.3.72\8032138f12c0180bc4e51fe139d4c52b46db6109\kotlin-stdlib-1.3.72.jar;C:\Users\Juan Hoyos\.gradle\caches\modules-2\files-2.1\org.jetbrains.kotlin\kotlin-script-runtime\1.3.72\657d8d34d91e1964b4439378c09933e840bfe8d5\kotlin-script-runtime-1.3.72.jar;C:\Users\Juan Hoyos\.gradle\caches\modules-2\files-2.1\org.jetbrains.kotlin\kotlin-daemon-embeddable\1.3.72\53bbaa2816dbf6bdb85f629451b1fcc88f2164d2\kotlin-daemon-embeddable-1.3.72.jar;C:\Users\Juan Hoyos\.gradle\caches\modules-2\files-2.1\org.jetbrains.intellij.deps\trove4j\1.0.20181211\216c2e14b070f334479d800987affe4054cd563f\trove4j-1.0.20181211.jar;C:\Users\Juan Hoyos\.gradle\caches\modules-2\files-2.1\org.jetbrains.kotlin\kotlin-stdlib-common\1.3.72\6ca8bee3d88957eaaaef077c41c908c9940492d8\kotlin-stdlib-common-1.3.72.jar;C:\Users\Juan Hoyos\.gradle\caches\modules-2\files-2.1\org.jetbrains\annotations\13.0\919f0dfe192fb4e063e7dacadee7f8bb9a2672a9\annotations-13.0.jar;C:\Program Files\Android\Android Studio\jre\lib\tools.jar
Launcher Type: SUN_STANDARD

Environment Variables:
PATH=C:\Program Files (x86)\Common Files\Oracle\Java\javapath;C:\Windows\system32;C:\Windows;C:\Windows\System32\Wbem;C:\Windows\System32\WindowsPowerShell\v1.0\;C:\Windows\System32\OpenSSH\;C:\Program Files\nodejs\;C:\Program Files\dotnet\;C:\Program Files\Microsoft SQL Server\130\Tools\Binn\;C:\Program Files\Git\cmd;C:\Users\Juan Hoyos\AppData\Local\Programs\Python\Python38-32\Scripts\;C:\Users\Juan Hoyos\AppData\Local\Programs\Python\Python38-32\;C:\Program Files\MySQL\MySQL Shell 8.0\bin\;C:\Users\Juan Hoyos\AppData\Local\Microsoft\WindowsApps;;C:\Users\Juan Hoyos\AppData\Local\Programs\Microsoft VS Code\bin;C:\Users\Juan Hoyos\AppData\Roaming\npm;C:\Users\Juan Hoyos\.dotnet\tools
USERNAME=Juan Hoyos
OS=Windows_NT
PROCESSOR_IDENTIFIER=AMD64 Family 21 Model 112 Stepping 0, AuthenticAMD



---------------  S Y S T E M  ---------------

OS: Windows 10.0 , 64 bit Build 18362 (10.0.18362.959)

CPU:total 2 (initial active 2) (2 cores per cpu, 1 threads per core) family 21 model 112 stepping 0, cmov, cx8, fxsr, mmx, sse, sse2, sse3, ssse3, sse4.1, sse4.2, popcnt, avx, avx2, aes, clmul, mmxext, 3dnowpref, lzcnt, sse4a, tsc, tscinvbit, tscinv, bmi1

Memory: 4k page, physical 7225312k(305484k free), swap 10297312k(5164k free)

vm_info: OpenJDK 64-Bit Server VM (25.242-b01) for windows-amd64 JRE (1.8.0_242-release-1644-b01), built by "builder" with MS VC++ 10.0 (VS2010)

time: Sun Aug 16 23:19:49 2020
timezone: Hora est. Pacífico, Sudamérica
elapsed time: 5 seconds (0d 0h 0m 5s)

