#
# There is insufficient memory for the Java Runtime Environment to continue.
# Native memory allocation (malloc) failed to allocate 245408 bytes for Chunk::new
# Possible reasons:
#   The system is out of physical RAM or swap space
#   The process is running with CompressedOops enabled, and the Java Heap may be blocking the growth of the native heap
# Possible solutions:
#   Reduce memory load on the system
#   Increase physical memory or swap space
#   Check if swap backing store is full
#   Decrease Java heap size (-Xmx/-Xms)
#   Decrease number of Java threads
#   Decrease Java thread stack sizes (-Xss)
#   Set larger code cache with -XX:ReservedCodeCacheSize=
#   JVM is running with Unscaled Compressed Oops mode in which the Java heap is
#     placed in the first 4GB address space. The Java Heap base address is the
#     maximum limit for the native heap growth. Please use -XX:HeapBaseMinAddress
#     to set the Java Heap base and to place the Java Heap above 4GB virtual address.
# This output file may be truncated or incomplete.
#
#  Out of Memory Error (allocation.cpp:389), pid=1624, tid=0x0000000000002204
#
# JRE version: OpenJDK Runtime Environment (8.0_242-b01) (build 1.8.0_242-release-1644-b01)
# Java VM: OpenJDK 64-Bit Server VM (25.242-b01 mixed mode windows-amd64 compressed oops)
# Failed to write core dump. Minidumps are not enabled by default on client versions of Windows
#

---------------  T H R E A D  ---------------

Current thread (0x0000000016e40800):  JavaThread "C2 CompilerThread0" daemon [_thread_in_native, id=8708, stack(0x0000000017eb0000,0x0000000017fb0000)]

Stack: [0x0000000017eb0000,0x0000000017fb0000]
[error occurred during error reporting (printing stack bounds), id 0xc0000005]

Native frames: (J=compiled Java code, j=interpreted, Vv=VM code, C=native code)


Current CompileTask:
C2:  15995 2494  s!   4       sun.misc.URLClassPath::getLoader (243 bytes)


---------------  P R O C E S S  ---------------

Java Threads: ( => current thread )
  0x00000000197aa000 JavaThread "Cache worker for execution history cache (C:\Users\Juan Hoyos\.gradle\caches\6.1.1\executionHistory)" [_thread_blocked, id=13116, stack(0x000000001dfd0000,0x000000001e0d0000)]
  0x00000000197a9000 JavaThread "Cache worker for cache directory md-rule (C:\Users\Juan Hoyos\.gradle\caches\6.1.1\md-rule)" [_thread_blocked, id=10924, stack(0x000000001ded0000,0x000000001dfd0000)]
  0x00000000197ad800 JavaThread "Cache worker for cache directory md-supplier (C:\Users\Juan Hoyos\.gradle\caches\6.1.1\md-supplier)" [_thread_blocked, id=11712, stack(0x000000001ddd0000,0x000000001ded0000)]
  0x00000000197b0000 JavaThread "Cache worker for file hash cache (C:\Users\Juan Hoyos\AndroidStudioProjects\Eldado\.gradle\6.1.1\fileHashes)" [_thread_blocked, id=1584, stack(0x000000001d8d0000,0x000000001d9d0000)]
  0x00000000197af000 JavaThread "Cache worker for checksums cache (C:\Users\Juan Hoyos\AndroidStudioProjects\Eldado\.gradle\checksums)" [_thread_blocked, id=11632, stack(0x000000001d7d0000,0x000000001d8d0000)]
  0x00000000197aa800 JavaThread "Cache worker for file hash cache (C:\Users\Juan Hoyos\.gradle\caches\6.1.1\fileHashes)" [_thread_blocked, id=9064, stack(0x000000001c500000,0x000000001c600000)]
  0x00000000197ae800 JavaThread "File lock request listener" [_thread_in_native, id=7608, stack(0x000000001c400000,0x000000001c500000)]
  0x0000000018480800 JavaThread "Cache worker for journal cache (C:\Users\Juan Hoyos\.gradle\caches\journal-1)" [_thread_blocked, id=13080, stack(0x000000001c300000,0x000000001c400000)]
  0x0000000018f2e800 JavaThread "Thread-9" [_thread_blocked, id=13436, stack(0x000000001b030000,0x000000001b130000)]
  0x0000000018f2e000 JavaThread "Stdin handler" [_thread_blocked, id=8248, stack(0x000000001af30000,0x000000001b030000)]
  0x0000000018f2d000 JavaThread "Asynchronous log dispatcher for DefaultDaemonConnection: socket connection from /127.0.0.1:54564 to /127.0.0.1:54565" [_thread_blocked, id=10464, stack(0x000000001ae30000,0x000000001af30000)]
  0x0000000018f2a000 JavaThread "Daemon worker" [_thread_in_Java, id=8672, stack(0x000000001ad30000,0x000000001ae30000)]
  0x0000000018f09800 JavaThread "Cancel handler" [_thread_blocked, id=12828, stack(0x000000001ac30000,0x000000001ad30000)]
  0x000000001947e800 JavaThread "Handler for socket connection from /127.0.0.1:54564 to /127.0.0.1:54565" [_thread_in_native, id=11580, stack(0x000000001a930000,0x000000001aa30000)]
  0x000000001947c000 JavaThread "Daemon" [_thread_blocked, id=12908, stack(0x000000001a830000,0x000000001a930000)]
  0x0000000019534000 JavaThread "Daemon periodic checks" [_thread_blocked, id=7360, stack(0x000000001a730000,0x000000001a830000)]
  0x0000000018c26800 JavaThread "Incoming local TCP Connector on port 54564" [_thread_in_native, id=14252, stack(0x000000001a4c0000,0x000000001a5c0000)]
  0x0000000019c38800 JavaThread "Daemon health stats" [_thread_blocked, id=11704, stack(0x000000001a080000,0x000000001a180000)]
  0x0000000016e9d000 JavaThread "Service Thread" daemon [_thread_blocked, id=7988, stack(0x00000000180b0000,0x00000000181b0000)]
  0x0000000016e44000 JavaThread "C1 CompilerThread1" daemon [_thread_blocked, id=10264, stack(0x0000000017fb0000,0x00000000180b0000)]
=>0x0000000016e40800 JavaThread "C2 CompilerThread0" daemon [_thread_in_native, id=8708, stack(0x0000000017eb0000,0x0000000017fb0000)]
  0x0000000016e3f800 JavaThread "Attach Listener" daemon [_thread_blocked, id=9960, stack(0x0000000017db0000,0x0000000017eb0000)]
  0x0000000016e3c000 JavaThread "Signal Dispatcher" daemon [_thread_blocked, id=9788, stack(0x0000000017cb0000,0x0000000017db0000)]
  0x0000000002457800 JavaThread "Finalizer" daemon [_thread_blocked, id=13508, stack(0x0000000017a90000,0x0000000017b90000)]
  0x000000000244e800 JavaThread "Reference Handler" daemon [_thread_blocked, id=4648, stack(0x0000000017990000,0x0000000017a90000)]
  0x000000000215e800 JavaThread "main" [_thread_blocked, id=904, stack(0x0000000002160000,0x0000000002260000)]

Other Threads:
  0x0000000016e06000 VMThread [stack: 0x0000000017890000,0x0000000017990000] [id=10224]
  0x0000000016e93800 WatcherThread [stack: 0x00000000181b0000,0x00000000182b0000] [id=14224]

VM state:not at safepoint (normal execution)

VM Mutex/Monitor currently owned by a thread: None

heap address: 0x0000000080000000, size: 2048 MB, Compressed Oops mode: 32-bit
Narrow klass base: 0x0000000000000000, Narrow klass shift: 3
Compressed class space size: 1073741824 Address: 0x0000000100000000

Heap:
 PSYoungGen      total 55296K, used 5675K [0x00000000d5580000, 0x00000000dbe00000, 0x0000000100000000)
  eden space 50688K, 2% used [0x00000000d5580000,0x00000000d568af40,0x00000000d8700000)
  from space 4608K, 100% used [0x00000000d9200000,0x00000000d9680000,0x00000000d9680000)
  to   space 11264K, 0% used [0x00000000d8700000,0x00000000d8700000,0x00000000d9200000)
 ParOldGen       total 61440K, used 19498K [0x0000000080000000, 0x0000000083c00000, 0x00000000d5580000)
  object space 61440K, 31% used [0x0000000080000000,0x000000008130a838,0x0000000083c00000)
 Metaspace       used 31862K, capacity 32662K, committed 32816K, reserved 1077248K
  class space    used 4316K, capacity 4544K, committed 4656K, reserved 1048576K

Card table byte_map: [0x0000000011820000,0x0000000011c30000] byte_map_base: 0x0000000011420000

Marking Bits: (ParMarkBitMap*) 0x000000005dacf030
 Begin Bits: [0x00000000120e0000, 0x00000000140e0000)
 End Bits:   [0x00000000140e0000, 0x00000000160e0000)

Polling page: 0x0000000000870000

CodeCache: size=245760Kb used=9112Kb max_used=9209Kb free=236647Kb
 bounds [0x0000000002460000, 0x0000000002d70000, 0x0000000011460000]
 total_blobs=2984 nmethods=2303 adapters=595
 compilation: enabled

Compilation events (10 events):
Event: 15.896 Thread 0x0000000016e44000 2528       3       java.lang.reflect.Executable::isSynthetic (8 bytes)
Event: 15.896 Thread 0x0000000016e44000 nmethod 2528 0x0000000002935050 code [0x00000000029351c0, 0x0000000002935488]
Event: 15.917 Thread 0x0000000016e44000 2529       3       java.beans.PropertyDescriptor::<init> (70 bytes)
Event: 15.919 Thread 0x0000000016e44000 nmethod 2529 0x00000000025ecdd0 code [0x00000000025ed060, 0x00000000025ee2f8]
Event: 15.920 Thread 0x0000000016e44000 2530       3       org.codehaus.groovy.reflection.CachedField::<init> (18 bytes)
Event: 15.920 Thread 0x0000000016e44000 nmethod 2530 0x00000000026e9c50 code [0x00000000026e9dc0, 0x00000000026ea130]
Event: 15.968 Thread 0x0000000016e44000 2531       3       java.lang.ClassValue$ClassValueMap::probeBackupLocations (151 bytes)
Event: 15.970 Thread 0x0000000016e44000 nmethod 2531 0x000000000264ec50 code [0x000000000264eea0, 0x00000000026502f0]
Event: 15.970 Thread 0x0000000016e44000 2532   !   3       java.lang.ClassValue::getFromHashMap (70 bytes)
Event: 15.971 Thread 0x0000000016e44000 nmethod 2532 0x00000000027ddcd0 code [0x00000000027ddf20, 0x00000000027deb58]

GC Heap History (10 events):
Event: 9.109 GC heap before
{Heap before GC invocations=5 (full 0):
 PSYoungGen      total 61952K, used 61920K [0x00000000d5580000, 0x00000000d9680000, 0x0000000100000000)
  eden space 57344K, 100% used [0x00000000d5580000,0x00000000d8d80000,0x00000000d8d80000)
  from space 4608K, 99% used [0x00000000d9200000,0x00000000d9678040,0x00000000d9680000)
  to   space 4608K, 0% used [0x00000000d8d80000,0x00000000d8d80000,0x00000000d9200000)
 ParOldGen       total 76800K, used 2047K [0x0000000080000000, 0x0000000084b00000, 0x00000000d5580000)
  object space 76800K, 2% used [0x0000000080000000,0x00000000801fffb0,0x0000000084b00000)
 Metaspace       used 18347K, capacity 18988K, committed 19200K, reserved 1064960K
  class space    used 2523K, capacity 2736K, committed 2816K, reserved 1048576K
Event: 9.136 GC heap after
Heap after GC invocations=5 (full 0):
 PSYoungGen      total 61952K, used 4576K [0x00000000d5580000, 0x00000000d9680000, 0x0000000100000000)
  eden space 57344K, 0% used [0x00000000d5580000,0x00000000d5580000,0x00000000d8d80000)
  from space 4608K, 99% used [0x00000000d8d80000,0x00000000d91f8020,0x00000000d9200000)
  to   space 4608K, 0% used [0x00000000d9200000,0x00000000d9200000,0x00000000d9680000)
 ParOldGen       total 76800K, used 8087K [0x0000000080000000, 0x0000000084b00000, 0x00000000d5580000)
  object space 76800K, 10% used [0x0000000080000000,0x00000000807e5dd0,0x0000000084b00000)
 Metaspace       used 18347K, capacity 18988K, committed 19200K, reserved 1064960K
  class space    used 2523K, capacity 2736K, committed 2816K, reserved 1048576K
}
Event: 10.087 GC heap before
{Heap before GC invocations=6 (full 0):
 PSYoungGen      total 61952K, used 33063K [0x00000000d5580000, 0x00000000d9680000, 0x0000000100000000)
  eden space 57344K, 49% used [0x00000000d5580000,0x00000000d7151e48,0x00000000d8d80000)
  from space 4608K, 99% used [0x00000000d8d80000,0x00000000d91f8020,0x00000000d9200000)
  to   space 4608K, 0% used [0x00000000d9200000,0x00000000d9200000,0x00000000d9680000)
 ParOldGen       total 76800K, used 8087K [0x0000000080000000, 0x0000000084b00000, 0x00000000d5580000)
  object space 76800K, 10% used [0x0000000080000000,0x00000000807e5dd0,0x0000000084b00000)
 Metaspace       used 20604K, capacity 21240K, committed 21296K, reserved 1067008K
  class space    used 2877K, capacity 3088K, committed 3120K, reserved 1048576K
Event: 10.105 GC heap after
Heap after GC invocations=6 (full 0):
 PSYoungGen      total 61952K, used 4580K [0x00000000d5580000, 0x00000000d9680000, 0x0000000100000000)
  eden space 57344K, 0% used [0x00000000d5580000,0x00000000d5580000,0x00000000d8d80000)
  from space 4608K, 99% used [0x00000000d9200000,0x00000000d9679070,0x00000000d9680000)
  to   space 4608K, 0% used [0x00000000d8d80000,0x00000000d8d80000,0x00000000d9200000)
 ParOldGen       total 76800K, used 11033K [0x0000000080000000, 0x0000000084b00000, 0x00000000d5580000)
  object space 76800K, 14% used [0x0000000080000000,0x0000000080ac66b8,0x0000000084b00000)
 Metaspace       used 20604K, capacity 21240K, committed 21296K, reserved 1067008K
  class space    used 2877K, capacity 3088K, committed 3120K, reserved 1048576K
}
Event: 10.105 GC heap before
{Heap before GC invocations=7 (full 1):
 PSYoungGen      total 61952K, used 4580K [0x00000000d5580000, 0x00000000d9680000, 0x0000000100000000)
  eden space 57344K, 0% used [0x00000000d5580000,0x00000000d5580000,0x00000000d8d80000)
  from space 4608K, 99% used [0x00000000d9200000,0x00000000d9679070,0x00000000d9680000)
  to   space 4608K, 0% used [0x00000000d8d80000,0x00000000d8d80000,0x00000000d9200000)
 ParOldGen       total 76800K, used 11033K [0x0000000080000000, 0x0000000084b00000, 0x00000000d5580000)
  object space 76800K, 14% used [0x0000000080000000,0x0000000080ac66b8,0x0000000084b00000)
 Metaspace       used 20604K, capacity 21240K, committed 21296K, reserved 1067008K
  class space    used 2877K, capacity 3088K, committed 3120K, reserved 1048576K
Event: 10.216 GC heap after
Heap after GC invocations=7 (full 1):
 PSYoungGen      total 61952K, used 0K [0x00000000d5580000, 0x00000000d9680000, 0x0000000100000000)
  eden space 57344K, 0% used [0x00000000d5580000,0x00000000d5580000,0x00000000d8d80000)
  from space 4608K, 0% used [0x00000000d9200000,0x00000000d9200000,0x00000000d9680000)
  to   space 4608K, 0% used [0x00000000d8d80000,0x00000000d8d80000,0x00000000d9200000)
 ParOldGen       total 61440K, used 13167K [0x0000000080000000, 0x0000000083c00000, 0x00000000d5580000)
  object space 61440K, 21% used [0x0000000080000000,0x0000000080cdbc60,0x0000000083c00000)
 Metaspace       used 20604K, capacity 21240K, committed 21296K, reserved 1067008K
  class space    used 2877K, capacity 3088K, committed 3120K, reserved 1048576K
}
Event: 13.314 GC heap before
{Heap before GC invocations=8 (full 1):
 PSYoungGen      total 61952K, used 57344K [0x00000000d5580000, 0x00000000d9680000, 0x0000000100000000)
  eden space 57344K, 100% used [0x00000000d5580000,0x00000000d8d80000,0x00000000d8d80000)
  from space 4608K, 0% used [0x00000000d9200000,0x00000000d9200000,0x00000000d9680000)
  to   space 4608K, 0% used [0x00000000d8d80000,0x00000000d8d80000,0x00000000d9200000)
 ParOldGen       total 61440K, used 13167K [0x0000000080000000, 0x0000000083c00000, 0x00000000d5580000)
  object space 61440K, 21% used [0x0000000080000000,0x0000000080cdbc60,0x0000000083c00000)
 Metaspace       used 27572K, capacity 28264K, committed 28336K, reserved 1073152K
  class space    used 3774K, capacity 3998K, committed 4016K, reserved 1048576K
Event: 13.331 GC heap after
Heap after GC invocations=8 (full 1):
 PSYoungGen      total 61952K, used 4592K [0x00000000d5580000, 0x00000000d9680000, 0x0000000100000000)
  eden space 57344K, 0% used [0x00000000d5580000,0x00000000d5580000,0x00000000d8d80000)
  from space 4608K, 99% used [0x00000000d8d80000,0x00000000d91fc2d0,0x00000000d9200000)
  to   space 4608K, 0% used [0x00000000d9200000,0x00000000d9200000,0x00000000d9680000)
 ParOldGen       total 61440K, used 15798K [0x0000000080000000, 0x0000000083c00000, 0x00000000d5580000)
  object space 61440K, 25% used [0x0000000080000000,0x0000000080f6daf0,0x0000000083c00000)
 Metaspace       used 27572K, capacity 28264K, committed 28336K, reserved 1073152K
  class space    used 3774K, capacity 3998K, committed 4016K, reserved 1048576K
}
Event: 15.897 GC heap before
{Heap before GC invocations=9 (full 1):
 PSYoungGen      total 61952K, used 61936K [0x00000000d5580000, 0x00000000d9680000, 0x0000000100000000)
  eden space 57344K, 100% used [0x00000000d5580000,0x00000000d8d80000,0x00000000d8d80000)
  from space 4608K, 99% used [0x00000000d8d80000,0x00000000d91fc2d0,0x00000000d9200000)
  to   space 4608K, 0% used [0x00000000d9200000,0x00000000d9200000,0x00000000d9680000)
 ParOldGen       total 61440K, used 15798K [0x0000000080000000, 0x0000000083c00000, 0x00000000d5580000)
  object space 61440K, 25% used [0x0000000080000000,0x0000000080f6daf0,0x0000000083c00000)
 Metaspace       used 31832K, capacity 32662K, committed 32816K, reserved 1077248K
  class space    used 4311K, capacity 4544K, committed 4656K, reserved 1048576K
Event: 15.916 GC heap after
Heap after GC invocations=9 (full 1):
 PSYoungGen      total 55296K, used 4608K [0x00000000d5580000, 0x00000000dbe00000, 0x0000000100000000)
  eden space 50688K, 0% used [0x00000000d5580000,0x00000000d5580000,0x00000000d8700000)
  from space 4608K, 100% used [0x00000000d9200000,0x00000000d9680000,0x00000000d9680000)
  to   space 11264K, 0% used [0x00000000d8700000,0x00000000d8700000,0x00000000d9200000)
 ParOldGen       total 61440K, used 19498K [0x0000000080000000, 0x0000000083c00000, 0x00000000d5580000)
  object space 61440K, 31% used [0x0000000080000000,0x000000008130a838,0x0000000083c00000)
 Metaspace       used 31832K, capacity 32662K, committed 32816K, reserved 1077248K
  class space    used 4311K, capacity 4544K, committed 4656K, reserved 1048576K
}

Deoptimization events (10 events):
Event: 13.633 Thread 0x0000000018f2a000 Uncommon trap: reason=class_check action=maybe_recompile pc=0x0000000002b20600 method=sun.misc.URLClassPath.getLoader(I)Lsun/misc/URLClassPath$Loader; @ 239
Event: 13.633 Thread 0x0000000018f2a000 Uncommon trap: reason=unstable_if action=reinterpret pc=0x000000000298fc7c method=java.lang.String.regionMatches(ZILjava/lang/String;II)Z @ 41
Event: 13.747 Thread 0x0000000018f2a000 Uncommon trap: reason=class_check action=maybe_recompile pc=0x0000000002b20600 method=sun.misc.URLClassPath.getLoader(I)Lsun/misc/URLClassPath$Loader; @ 239
Event: 14.969 Thread 0x0000000018f2a000 Uncommon trap: reason=unstable_if action=reinterpret pc=0x00000000027074c0 method=java.util.HashMap.getNode(ILjava/lang/Object;)Ljava/util/HashMap$Node; @ 53
Event: 14.969 Thread 0x0000000018f2a000 Uncommon trap: reason=unstable_if action=reinterpret pc=0x00000000027c7a30 method=java.util.HashMap.hash(Ljava/lang/Object;)I @ 1
Event: 14.969 Thread 0x0000000018f2a000 Uncommon trap: reason=unstable_if action=reinterpret pc=0x0000000002b42ed0 method=java.util.HashMap.putVal(ILjava/lang/Object;Ljava/lang/Object;ZZ)Ljava/lang/Object; @ 85
Event: 15.263 Thread 0x0000000018f2a000 Uncommon trap: reason=unstable_if action=reinterpret pc=0x0000000002d1acd4 method=org.gradle.internal.reflect.PropertyAccessorType.isGetGetterName(Ljava/lang/String;)Z @ 14
Event: 15.356 Thread 0x0000000018f2a000 Uncommon trap: reason=unstable_if action=reinterpret pc=0x0000000002b50b00 method=org.objectweb.asm.ByteVector.putShort(I)Lorg/objectweb/asm/ByteVector; @ 13
Event: 15.571 Thread 0x0000000018f2a000 Uncommon trap: reason=class_check action=maybe_recompile pc=0x0000000002b201b0 method=sun.misc.URLClassPath.getLoader(I)Lsun/misc/URLClassPath$Loader; @ 94
Event: 15.857 Thread 0x0000000018f2a000 Uncommon trap: reason=unstable_if action=reinterpret pc=0x00000000029e2420 method=org.codehaus.groovy.runtime.metaclass.MetaMethodIndex.addMethodToList(Ljava/lang/Object;Lgroovy/lang/MetaMethod;)Ljava/lang/Object; @ 226

Classes redefined (0 events):
No events

Internal exceptions (10 events):
Event: 15.614 Thread 0x0000000018f2a000 Exception <a 'java/lang/ClassNotFoundException': groovy/lang/ClosureCustomizer> (0x00000000d8720f98) thrown at [C:\src\AOSP-openjdk-git\hotspot\src\share\vm\classfile\systemDictionary.cpp, line 210]
Event: 15.625 Thread 0x0000000018f2a000 Exception <a 'java/lang/ClassNotFoundException': groovy/lang/Closure$1Customizer> (0x00000000d87683b0) thrown at [C:\src\AOSP-openjdk-git\hotspot\src\share\vm\classfile\systemDictionary.cpp, line 210]
Event: 15.797 Thread 0x0000000018f2a000 Exception <a 'java/lang/ClassNotFoundException': org/gradle/internal/metaobject/ConfigureDelegateBeanInfo> (0x00000000d898e0f0) thrown at [C:\src\AOSP-openjdk-git\hotspot\src\share\vm\classfile\systemDictionary.cpp, line 210]
Event: 15.799 Thread 0x0000000018f2a000 Exception <a 'java/lang/ClassNotFoundException': org/gradle/internal/metaobject/ConfigureDelegateCustomizer> (0x00000000d89be158) thrown at [C:\src\AOSP-openjdk-git\hotspot\src\share\vm\classfile\systemDictionary.cpp, line 210]
Event: 15.846 Thread 0x0000000018f2a000 Exception <a 'java/lang/ClassNotFoundException': org/gradle/api/internal/initialization/DefaultScriptHandlerBeanInfo> (0x00000000d8a23120) thrown at [C:\src\AOSP-openjdk-git\hotspot\src\share\vm\classfile\systemDictionary.cpp, line 210]
Event: 15.847 Thread 0x0000000018f2a000 Exception <a 'java/lang/ClassNotFoundException': org/gradle/api/internal/initialization/DefaultScriptHandlerCustomizer> (0x00000000d8a5a850) thrown at [C:\src\AOSP-openjdk-git\hotspot\src\share\vm\classfile\systemDictionary.cpp, line 210]
Event: 15.866 Thread 0x0000000018f2a000 Exception <a 'java/lang/ClassNotFoundException': org/gradle/api/internal/project/DefaultProject_DecoratedBeanInfo> (0x00000000d8b48f10) thrown at [C:\src\AOSP-openjdk-git\hotspot\src\share\vm\classfile\systemDictionary.cpp, line 210]
Event: 15.868 Thread 0x0000000018f2a000 Exception <a 'java/lang/ClassNotFoundException': org/gradle/api/internal/project/DefaultProjectBeanInfo> (0x00000000d8b77df8) thrown at [C:\src\AOSP-openjdk-git\hotspot\src\share\vm\classfile\systemDictionary.cpp, line 210]
Event: 15.870 Thread 0x0000000018f2a000 Exception <a 'java/lang/ClassNotFoundException': org/gradle/api/internal/project/DefaultProjectCustomizer> (0x00000000d8c377a8) thrown at [C:\src\AOSP-openjdk-git\hotspot\src\share\vm\classfile\systemDictionary.cpp, line 210]
Event: 15.894 Thread 0x0000000018f2a000 Exception <a 'java/lang/ClassNotFoundException': org/gradle/api/internal/project/DefaultProject_DecoratedCustomizer> (0x00000000d8d3d900) thrown at [C:\src\AOSP-openjdk-git\hotspot\src\share\vm\classfile\systemDictionary.cpp, line 210]

Events (10 events):
Event: 15.965 loading class org/apache/tools/ant/BuildLogger
Event: 15.965 loading class org/apache/tools/ant/BuildLogger done
Event: 15.965 loading class org/apache/tools/ant/BuildListener
Event: 15.965 loading class org/apache/tools/ant/BuildListener done
Event: 15.966 loading class org/gradle/api/AntBuilder$AntMessagePriority
Event: 15.966 loading class org/gradle/api/AntBuilder$AntMessagePriority done
Event: 15.973 Thread 0x0000000018f2a000 DEOPT PACKING pc=0x0000000002ae05d9 sp=0x000000001ae29a00
Event: 15.973 Thread 0x0000000018f2a000 DEOPT UNPACKING pc=0x00000000024a71d0 sp=0x000000001ae29720 mode 0
Event: 15.973 Thread 0x0000000018f2a000 DEOPT PACKING pc=0x0000000002ae05d9 sp=0x000000001ae29bc0
Event: 15.973 Thread 0x0000000018f2a000 DEOPT UNPACKING pc=0x00000000024a71d0 sp=0x000000001ae298e0 mode 0


Dynamic libraries:
0x00007ff63fd80000 - 0x00007ff63fdb1000 	C:\Program Files\Android\Android Studio\jre\bin\java.exe
0x00007ffef2a60000 - 0x00007ffef2c50000 	C:\Windows\SYSTEM32\ntdll.dll
0x00007ffef2680000 - 0x00007ffef2732000 	C:\Windows\System32\KERNEL32.DLL
0x00007ffef0710000 - 0x00007ffef09b4000 	C:\Windows\System32\KERNELBASE.dll
0x00007ffef2340000 - 0x00007ffef23e3000 	C:\Windows\System32\ADVAPI32.dll
0x00007ffef27f0000 - 0x00007ffef288e000 	C:\Windows\System32\msvcrt.dll
0x00007ffef25e0000 - 0x00007ffef2677000 	C:\Windows\System32\sechost.dll
0x00007ffef1eb0000 - 0x00007ffef1fd0000 	C:\Windows\System32\RPCRT4.dll
0x00007ffef20d0000 - 0x00007ffef2265000 	C:\Windows\System32\USER32.dll
0x00007ffef06e0000 - 0x00007ffef0701000 	C:\Windows\System32\win32u.dll
0x00007ffef29f0000 - 0x00007ffef2a16000 	C:\Windows\System32\GDI32.dll
0x00007ffeefa40000 - 0x00007ffeefbd6000 	C:\Windows\System32\gdi32full.dll
0x00007ffeefc60000 - 0x00007ffeefcfe000 	C:\Windows\System32\msvcp_win.dll
0x00007ffef05e0000 - 0x00007ffef06da000 	C:\Windows\System32\ucrtbase.dll
0x00007ffedc6f0000 - 0x00007ffedc974000 	C:\Windows\WinSxS\amd64_microsoft.windows.common-controls_6595b64144ccf1df_6.0.18362.1016_none_9e7a36bbe461dae4\COMCTL32.dll
0x00007ffef0f80000 - 0x00007ffef12b5000 	C:\Windows\System32\combase.dll
0x00007ffeefbe0000 - 0x00007ffeefc60000 	C:\Windows\System32\bcryptPrimitives.dll
0x00007ffef19b0000 - 0x00007ffef19de000 	C:\Windows\System32\IMM32.DLL
0x000000005d140000 - 0x000000005d212000 	C:\Program Files\Android\Android Studio\jre\jre\bin\msvcr100.dll
0x000000005d300000 - 0x000000005db4b000 	C:\Program Files\Android\Android Studio\jre\jre\bin\server\jvm.dll
0x00007ffef1ac0000 - 0x00007ffef1ac8000 	C:\Windows\System32\PSAPI.DLL
0x00007ffed6ec0000 - 0x00007ffed6ec9000 	C:\Windows\SYSTEM32\WSOCK32.dll
0x00007ffef22d0000 - 0x00007ffef233f000 	C:\Windows\System32\WS2_32.dll
0x00007ffee4c80000 - 0x00007ffee4ca4000 	C:\Windows\SYSTEM32\WINMM.dll
0x00007ffee8970000 - 0x00007ffee897a000 	C:\Windows\SYSTEM32\VERSION.dll
0x00007ffee4c50000 - 0x00007ffee4c7d000 	C:\Windows\SYSTEM32\WINMMBASE.dll
0x00007ffeefd00000 - 0x00007ffeefd4a000 	C:\Windows\System32\cfgmgr32.dll
0x00007ffeeb230000 - 0x00007ffeeb23f000 	C:\Program Files\Android\Android Studio\jre\jre\bin\verify.dll
0x00007ffede060000 - 0x00007ffede089000 	C:\Program Files\Android\Android Studio\jre\jre\bin\java.dll
0x00007ffeea970000 - 0x00007ffeea986000 	C:\Program Files\Android\Android Studio\jre\jre\bin\zip.dll
0x00007ffef12c0000 - 0x00007ffef19a7000 	C:\Windows\System32\SHELL32.dll
0x00007ffef2740000 - 0x00007ffef27e9000 	C:\Windows\System32\shcore.dll
0x00007ffeefd80000 - 0x00007ffef0502000 	C:\Windows\System32\windows.storage.dll
0x00007ffeef9b0000 - 0x00007ffeef9d3000 	C:\Windows\System32\profapi.dll
0x00007ffeef940000 - 0x00007ffeef98a000 	C:\Windows\System32\powrprof.dll
0x00007ffeef910000 - 0x00007ffeef920000 	C:\Windows\System32\UMPDC.dll
0x00007ffef2070000 - 0x00007ffef20c2000 	C:\Windows\System32\shlwapi.dll
0x00007ffeef920000 - 0x00007ffeef931000 	C:\Windows\System32\kernel.appcore.dll
0x00007ffef0510000 - 0x00007ffef0527000 	C:\Windows\System32\cryptsp.dll
0x00007ffee70c0000 - 0x00007ffee70da000 	C:\Program Files\Android\Android Studio\jre\jre\bin\net.dll
0x00007ffeef110000 - 0x00007ffeef177000 	C:\Windows\system32\mswsock.dll
0x00007ffee6840000 - 0x00007ffee6853000 	C:\Program Files\Android\Android Studio\jre\jre\bin\nio.dll
0x00007ffee6220000 - 0x00007ffee6246000 	C:\Users\Juan Hoyos\.gradle\native\31\windows-amd64\native-platform.dll
0x00007ffeea770000 - 0x00007ffeea77d000 	C:\Program Files\Android\Android Studio\jre\jre\bin\management.dll
0x00007ffeeec80000 - 0x00007ffeeecb3000 	C:\Windows\system32\rsaenh.dll
0x00007ffeefd50000 - 0x00007ffeefd76000 	C:\Windows\System32\bcrypt.dll
0x00007ffeef800000 - 0x00007ffeef825000 	C:\Windows\SYSTEM32\USERENV.dll
0x00007ffeef2e0000 - 0x00007ffeef2ec000 	C:\Windows\SYSTEM32\CRYPTBASE.dll
0x00007ffeeee20000 - 0x00007ffeeee5a000 	C:\Windows\SYSTEM32\IPHLPAPI.DLL
0x00007ffef1ea0000 - 0x00007ffef1ea8000 	C:\Windows\System32\NSI.dll
0x00007ffee8b00000 - 0x00007ffee8b16000 	C:\Windows\SYSTEM32\dhcpcsvc6.DLL
0x00007ffee8f80000 - 0x00007ffee8f9c000 	C:\Windows\SYSTEM32\dhcpcsvc.DLL
0x00007ffeeee60000 - 0x00007ffeeef2b000 	C:\Windows\SYSTEM32\DNSAPI.dll

VM Arguments:
jvm_args: -Xmx2048m -Dfile.encoding=windows-1252 -Duser.country=CO -Duser.language=es -Duser.variant 
java_command: org.gradle.launcher.daemon.bootstrap.GradleDaemon 6.1.1
java_class_path (initial): C:\Users\Juan Hoyos\.gradle\wrapper\dists\gradle-6.1.1-all\cfmwm155h49vnt3hynmlrsdst\gradle-6.1.1\lib\gradle-launcher-6.1.1.jar
Launcher Type: SUN_STANDARD

Environment Variables:
PATH=C:\Program Files (x86)\Common Files\Oracle\Java\javapath;C:\Windows\system32;C:\Windows;C:\Windows\System32\Wbem;C:\Windows\System32\WindowsPowerShell\v1.0\;C:\Windows\System32\OpenSSH\;C:\Program Files\nodejs\;C:\Program Files\dotnet\;C:\Program Files\Microsoft SQL Server\130\Tools\Binn\;C:\Program Files\Git\cmd;C:\Users\Juan Hoyos\AppData\Local\Programs\Python\Python38-32\Scripts\;C:\Users\Juan Hoyos\AppData\Local\Programs\Python\Python38-32\;C:\Program Files\MySQL\MySQL Shell 8.0\bin\;C:\Users\Juan Hoyos\AppData\Local\Microsoft\WindowsApps;;C:\Users\Juan Hoyos\AppData\Local\Programs\Microsoft VS Code\bin;C:\Users\Juan Hoyos\AppData\Roaming\npm;C:\Users\Juan Hoyos\.dotnet\tools
USERNAME=Juan Hoyos
OS=Windows_NT
PROCESSOR_IDENTIFIER=AMD64 Family 21 Model 112 Stepping 0, AuthenticAMD



---------------  S Y S T E M  ---------------

OS: Windows 10.0 , 64 bit Build 18362 (10.0.18362.959)

CPU:total 2 (initial active 2) (2 cores per cpu, 1 threads per core) family 21 model 112 stepping 0, cmov, cx8, fxsr, mmx, sse, sse2, sse3, ssse3, sse4.1, sse4.2, popcnt, avx, avx2, aes, clmul, mmxext, 3dnowpref, lzcnt, sse4a, tsc, tscinvbit, tscinv, bmi1

Memory: 4k page, physical 7225312k(550168k free), swap 10297312k(5148k free)

vm_info: OpenJDK 64-Bit Server VM (25.242-b01) for windows-amd64 JRE (1.8.0_242-release-1644-b01), built by "builder" with MS VC++ 10.0 (VS2010)

time: Sun Aug 16 23:42:45 2020
timezone: Hora est. Pacífico, Sudamérica
elapsed time: 16 seconds (0d 0h 0m 16s)

