#
# There is insufficient memory for the Java Runtime Environment to continue.
# Native memory allocation (malloc) failed to allocate 65552 bytes for Chunk::new
# Possible reasons:
#   The system is out of physical RAM or swap space
#   The process is running with CompressedOops enabled, and the Java Heap may be blocking the growth of the native heap
# Possible solutions:
#   Reduce memory load on the system
#   Increase physical memory or swap space
#   Check if swap backing store is full
#   Decrease Java heap size (-Xmx/-Xms)
#   Decrease number of Java threads
#   Decrease Java thread stack sizes (-Xss)
#   Set larger code cache with -XX:ReservedCodeCacheSize=
#   JVM is running with Unscaled Compressed Oops mode in which the Java heap is
#     placed in the first 4GB address space. The Java Heap base address is the
#     maximum limit for the native heap growth. Please use -XX:HeapBaseMinAddress
#     to set the Java Heap base and to place the Java Heap above 4GB virtual address.
# This output file may be truncated or incomplete.
#
#  Out of Memory Error (allocation.cpp:389), pid=6860, tid=0x0000000000002c2c
#
# JRE version: OpenJDK Runtime Environment (8.0_242-b01) (build 1.8.0_242-release-1644-b01)
# Java VM: OpenJDK 64-Bit Server VM (25.242-b01 mixed mode windows-amd64 compressed oops)
# Failed to write core dump. Minidumps are not enabled by default on client versions of Windows
#

---------------  T H R E A D  ---------------

Current thread (0x00000000177e0800):  JavaThread "C2 CompilerThread0" daemon [_thread_in_native, id=11308, stack(0x0000000018840000,0x0000000018940000)]

Stack: [0x0000000018840000,0x0000000018940000]
[error occurred during error reporting (printing stack bounds), id 0xc0000005]

Native frames: (J=compiled Java code, j=interpreted, Vv=VM code, C=native code)


Current CompileTask:
C2:  28625 3829       4       sun.net.www.protocol.jar.Handler::parseURL (223 bytes)


---------------  P R O C E S S  ---------------

Java Threads: ( => current thread )
  0x000000001ca29000 JavaThread "Build operations Thread 2" [_thread_blocked, id=9164, stack(0x000000001f7c0000,0x000000001f8c0000)]
  0x000000001ca21800 JavaThread "Build operations" [_thread_blocked, id=11616, stack(0x000000001f6c0000,0x000000001f7c0000)]
  0x0000000019006000 JavaThread "Cache worker for execution history cache (C:\Users\Juan Hoyos\.gradle\caches\6.1.1\executionHistory)" [_thread_blocked, id=1572, stack(0x000000001e9c0000,0x000000001eac0000)]
  0x0000000019007800 JavaThread "Cache worker for cache directory md-rule (C:\Users\Juan Hoyos\.gradle\caches\6.1.1\md-rule)" [_thread_blocked, id=11792, stack(0x000000001e8c0000,0x000000001e9c0000)]
  0x0000000019007000 JavaThread "Cache worker for cache directory md-supplier (C:\Users\Juan Hoyos\.gradle\caches\6.1.1\md-supplier)" [_thread_blocked, id=10268, stack(0x000000001e7c0000,0x000000001e8c0000)]
  0x000000001900b800 JavaThread "Cache worker for file hash cache (C:\Users\Juan Hoyos\AndroidStudioProjects\Eldado\.gradle\6.1.1\fileHashes)" [_thread_blocked, id=9256, stack(0x000000001e2c0000,0x000000001e3c0000)]
  0x000000001900a800 JavaThread "Cache worker for checksums cache (C:\Users\Juan Hoyos\AndroidStudioProjects\Eldado\.gradle\checksums)" [_thread_blocked, id=1876, stack(0x000000001e1c0000,0x000000001e2c0000)]
  0x0000000019009000 JavaThread "Cache worker for file hash cache (C:\Users\Juan Hoyos\.gradle\caches\6.1.1\fileHashes)" [_thread_blocked, id=6836, stack(0x000000001ce90000,0x000000001cf90000)]
  0x000000001900d000 JavaThread "File lock request listener" [_thread_in_native, id=12084, stack(0x000000001cd90000,0x000000001ce90000)]
  0x0000000019444800 JavaThread "Cache worker for journal cache (C:\Users\Juan Hoyos\.gradle\caches\journal-1)" [_thread_blocked, id=10620, stack(0x000000001cc90000,0x000000001cd90000)]
  0x0000000019f29800 JavaThread "Thread-9" [_thread_blocked, id=5208, stack(0x000000001b9c0000,0x000000001bac0000)]
  0x0000000019f26800 JavaThread "Stdin handler" [_thread_blocked, id=13224, stack(0x000000001b8c0000,0x000000001b9c0000)]
  0x0000000018d1c000 JavaThread "Asynchronous log dispatcher for DefaultDaemonConnection: socket connection from /127.0.0.1:54526 to /127.0.0.1:54527" [_thread_blocked, id=13780, stack(0x000000001b7c0000,0x000000001b8c0000)]
  0x0000000018d1b000 JavaThread "Daemon worker" [_thread_in_vm, id=1316, stack(0x000000001b6c0000,0x000000001b7c0000)]
  0x0000000019c77000 JavaThread "Cancel handler" [_thread_blocked, id=11396, stack(0x000000001b5c0000,0x000000001b6c0000)]
  0x0000000019e86000 JavaThread "Handler for socket connection from /127.0.0.1:54526 to /127.0.0.1:54527" [_thread_in_native, id=8104, stack(0x000000001b2c0000,0x000000001b3c0000)]
  0x0000000019e85800 JavaThread "Daemon" [_thread_blocked, id=12988, stack(0x000000001b1c0000,0x000000001b2c0000)]
  0x000000001959c000 JavaThread "Daemon periodic checks" [_thread_blocked, id=6000, stack(0x000000001b0c0000,0x000000001b1c0000)]
  0x0000000019c98800 JavaThread "Incoming local TCP Connector on port 54526" [_thread_in_native, id=7800, stack(0x000000001ae50000,0x000000001af50000)]
  0x0000000018ebb800 JavaThread "Daemon health stats" [_thread_blocked, id=12408, stack(0x000000001aa10000,0x000000001ab10000)]
  0x0000000017842800 JavaThread "Service Thread" daemon [_thread_blocked, id=12348, stack(0x0000000018a40000,0x0000000018b40000)]
  0x0000000017834800 JavaThread "C1 CompilerThread1" daemon [_thread_blocked, id=12220, stack(0x0000000018940000,0x0000000018a40000)]
=>0x00000000177e0800 JavaThread "C2 CompilerThread0" daemon [_thread_in_native, id=11308, stack(0x0000000018840000,0x0000000018940000)]
  0x00000000177df800 JavaThread "Attach Listener" daemon [_thread_blocked, id=13892, stack(0x0000000018740000,0x0000000018840000)]
  0x00000000177dc000 JavaThread "Signal Dispatcher" daemon [_thread_blocked, id=8072, stack(0x0000000018640000,0x0000000018740000)]
  0x0000000002df7800 JavaThread "Finalizer" daemon [_thread_blocked, id=12976, stack(0x0000000018420000,0x0000000018520000)]
  0x0000000002dee800 JavaThread "Reference Handler" daemon [_thread_blocked, id=7544, stack(0x0000000018320000,0x0000000018420000)]
  0x0000000002bde800 JavaThread "main" [_thread_blocked, id=13816, stack(0x0000000002a60000,0x0000000002b60000)]

Other Threads:
  0x00000000177a6000 VMThread [stack: 0x0000000018220000,0x0000000018320000] [id=13860]
  0x0000000017838000 WatcherThread [stack: 0x0000000018b40000,0x0000000018c40000] [id=9488]

VM state:not at safepoint (normal execution)

VM Mutex/Monitor currently owned by a thread: None

heap address: 0x0000000080000000, size: 2048 MB, Compressed Oops mode: 32-bit
Narrow klass base: 0x0000000000000000, Narrow klass shift: 3
Compressed class space size: 1073741824 Address: 0x0000000100000000

Heap:
 PSYoungGen      total 199168K, used 60926K [0x00000000d5580000, 0x00000000e2880000, 0x0000000100000000)
  eden space 185856K, 32% used [0x00000000d5580000,0x00000000d90ffa60,0x00000000e0b00000)
  from space 13312K, 0% used [0x00000000e1880000,0x00000000e1880000,0x00000000e2580000)
  to   space 13824K, 0% used [0x00000000e0b00000,0x00000000e0b00000,0x00000000e1880000)
 ParOldGen       total 56320K, used 16168K [0x0000000080000000, 0x0000000083700000, 0x00000000d5580000)
  object space 56320K, 28% used [0x0000000080000000,0x0000000080fca2c0,0x0000000083700000)
 Metaspace       used 37619K, capacity 39018K, committed 39256K, reserved 1087488K
  class space    used 5149K, capacity 5476K, committed 5504K, reserved 1048576K

Card table byte_map: [0x00000000121c0000,0x00000000125d0000] byte_map_base: 0x0000000011dc0000

Marking Bits: (ParMarkBitMap*) 0x000000005dacf030
 Begin Bits: [0x0000000012a80000, 0x0000000014a80000)
 End Bits:   [0x0000000014a80000, 0x0000000016a80000)

Polling page: 0x0000000001000000

CodeCache: size=245760Kb used=12620Kb max_used=12620Kb free=233139Kb
 bounds [0x0000000002e00000, 0x0000000003a60000, 0x0000000011e00000]
 total_blobs=4324 nmethods=3619 adapters=619
 compilation: enabled

Compilation events (10 events):
Event: 28.588 Thread 0x00000000177e0800 nmethod 3824 0x0000000003a55350 code [0x0000000003a554a0, 0x0000000003a55698]
Event: 28.588 Thread 0x00000000177e0800 3825       4       sun.net.www.ParseUtil::canonizeString (195 bytes)
Event: 28.593 Thread 0x00000000177e0800 nmethod 3825 0x0000000003a57c50 code [0x0000000003a57da0, 0x0000000003a58098]
Event: 28.593 Thread 0x00000000177e0800 3826       4       java.net.URLStreamHandler::setURL (159 bytes)
Event: 28.606 Thread 0x00000000177e0800 nmethod 3826 0x0000000003a56d10 code [0x0000000003a56e80, 0x0000000003a574a8]
Event: 28.608 Thread 0x0000000017834800 3827       3       java.lang.reflect.WeakCache$CacheKey::equals (46 bytes)
Event: 28.608 Thread 0x0000000017834800 nmethod 3827 0x0000000003a5c690 code [0x0000000003a5c800, 0x0000000003a5cdf0]
Event: 28.609 Thread 0x0000000017834800 3828   !   3       com.google.common.collect.MapMakerInternalMap$Segment::put (298 bytes)
Event: 28.611 Thread 0x0000000017834800 nmethod 3828 0x0000000003a58a50 code [0x0000000003a58de0, 0x0000000003a5b228]
Event: 28.612 Thread 0x00000000177e0800 3829       4       sun.net.www.protocol.jar.Handler::parseURL (223 bytes)

GC Heap History (10 events):
Event: 13.861 GC heap before
{Heap before GC invocations=6 (full 0):
 PSYoungGen      total 61952K, used 32045K [0x00000000d5580000, 0x00000000dda80000, 0x0000000100000000)
  eden space 57344K, 47% used [0x00000000d5580000,0x00000000d704b658,0x00000000d8d80000)
  from space 4608K, 100% used [0x00000000d8d80000,0x00000000d9200000,0x00000000d9200000)
  to   space 10752K, 0% used [0x00000000dd000000,0x00000000dd000000,0x00000000dda80000)
 ParOldGen       total 76800K, used 7984K [0x0000000080000000, 0x0000000084b00000, 0x00000000d5580000)
  object space 76800K, 10% used [0x0000000080000000,0x00000000807cc358,0x0000000084b00000)
 Metaspace       used 20536K, capacity 21208K, committed 21248K, reserved 1067008K
  class space    used 2865K, capacity 3056K, committed 3072K, reserved 1048576K
Event: 13.903 GC heap after
Heap after GC invocations=6 (full 0):
 PSYoungGen      total 124928K, used 7513K [0x00000000d5580000, 0x00000000ddb80000, 0x0000000100000000)
  eden space 114176K, 0% used [0x00000000d5580000,0x00000000d5580000,0x00000000dc500000)
  from space 10752K, 69% used [0x00000000dd000000,0x00000000dd756508,0x00000000dda80000)
  to   space 11264K, 0% used [0x00000000dc500000,0x00000000dc500000,0x00000000dd000000)
 ParOldGen       total 76800K, used 7984K [0x0000000080000000, 0x0000000084b00000, 0x00000000d5580000)
  object space 76800K, 10% used [0x0000000080000000,0x00000000807cc358,0x0000000084b00000)
 Metaspace       used 20536K, capacity 21208K, committed 21248K, reserved 1067008K
  class space    used 2865K, capacity 3056K, committed 3072K, reserved 1048576K
}
Event: 13.903 GC heap before
{Heap before GC invocations=7 (full 1):
 PSYoungGen      total 124928K, used 7513K [0x00000000d5580000, 0x00000000ddb80000, 0x0000000100000000)
  eden space 114176K, 0% used [0x00000000d5580000,0x00000000d5580000,0x00000000dc500000)
  from space 10752K, 69% used [0x00000000dd000000,0x00000000dd756508,0x00000000dda80000)
  to   space 11264K, 0% used [0x00000000dc500000,0x00000000dc500000,0x00000000dd000000)
 ParOldGen       total 76800K, used 7984K [0x0000000080000000, 0x0000000084b00000, 0x00000000d5580000)
  object space 76800K, 10% used [0x0000000080000000,0x00000000807cc358,0x0000000084b00000)
 Metaspace       used 20536K, capacity 21208K, committed 21248K, reserved 1067008K
  class space    used 2865K, capacity 3056K, committed 3072K, reserved 1048576K
Event: 14.038 GC heap after
Heap after GC invocations=7 (full 1):
 PSYoungGen      total 124928K, used 0K [0x00000000d5580000, 0x00000000ddb80000, 0x0000000100000000)
  eden space 114176K, 0% used [0x00000000d5580000,0x00000000d5580000,0x00000000dc500000)
  from space 10752K, 0% used [0x00000000dd000000,0x00000000dd000000,0x00000000dda80000)
  to   space 11264K, 0% used [0x00000000dc500000,0x00000000dc500000,0x00000000dd000000)
 ParOldGen       total 56320K, used 13049K [0x0000000080000000, 0x0000000083700000, 0x00000000d5580000)
  object space 56320K, 23% used [0x0000000080000000,0x0000000080cbe6e8,0x0000000083700000)
 Metaspace       used 20536K, capacity 21208K, committed 21248K, reserved 1067008K
  class space    used 2865K, capacity 3056K, committed 3072K, reserved 1048576K
}
Event: 20.261 GC heap before
{Heap before GC invocations=8 (full 1):
 PSYoungGen      total 124928K, used 114176K [0x00000000d5580000, 0x00000000ddb80000, 0x0000000100000000)
  eden space 114176K, 100% used [0x00000000d5580000,0x00000000dc500000,0x00000000dc500000)
  from space 10752K, 0% used [0x00000000dd000000,0x00000000dd000000,0x00000000dda80000)
  to   space 11264K, 0% used [0x00000000dc500000,0x00000000dc500000,0x00000000dd000000)
 ParOldGen       total 56320K, used 13049K [0x0000000080000000, 0x0000000083700000, 0x00000000d5580000)
  object space 56320K, 23% used [0x0000000080000000,0x0000000080cbe6e8,0x0000000083700000)
 Metaspace       used 31841K, capacity 32656K, committed 32768K, reserved 1077248K
  class space    used 4314K, capacity 4542K, committed 4608K, reserved 1048576K
Event: 20.295 GC heap after
Heap after GC invocations=8 (full 1):
 PSYoungGen      total 125440K, used 11249K [0x00000000d5580000, 0x00000000e2580000, 0x0000000100000000)
  eden space 114176K, 0% used [0x00000000d5580000,0x00000000d5580000,0x00000000dc500000)
  from space 11264K, 99% used [0x00000000dc500000,0x00000000dcffc430,0x00000000dd000000)
  to   space 13312K, 0% used [0x00000000e1880000,0x00000000e1880000,0x00000000e2580000)
 ParOldGen       total 56320K, used 14024K [0x0000000080000000, 0x0000000083700000, 0x00000000d5580000)
  object space 56320K, 24% used [0x0000000080000000,0x0000000080db2008,0x0000000083700000)
 Metaspace       used 31841K, capacity 32656K, committed 32768K, reserved 1077248K
  class space    used 4314K, capacity 4542K, committed 4608K, reserved 1048576K
}
Event: 24.563 GC heap before
{Heap before GC invocations=9 (full 1):
 PSYoungGen      total 125440K, used 78530K [0x00000000d5580000, 0x00000000e2580000, 0x0000000100000000)
  eden space 114176K, 58% used [0x00000000d5580000,0x00000000d97345d8,0x00000000dc500000)
  from space 11264K, 99% used [0x00000000dc500000,0x00000000dcffc430,0x00000000dd000000)
  to   space 13312K, 0% used [0x00000000e1880000,0x00000000e1880000,0x00000000e2580000)
 ParOldGen       total 56320K, used 14024K [0x0000000080000000, 0x0000000083700000, 0x00000000d5580000)
  object space 56320K, 24% used [0x0000000080000000,0x0000000080db2008,0x0000000083700000)
 Metaspace       used 34488K, capacity 35386K, committed 35416K, reserved 1079296K
  class space    used 4719K, capacity 4970K, committed 4992K, reserved 1048576K
Event: 24.656 GC heap after
Heap after GC invocations=9 (full 1):
 PSYoungGen      total 199168K, used 9660K [0x00000000d5580000, 0x00000000e2880000, 0x0000000100000000)
  eden space 185856K, 0% used [0x00000000d5580000,0x00000000d5580000,0x00000000e0b00000)
  from space 13312K, 72% used [0x00000000e1880000,0x00000000e21ef2d0,0x00000000e2580000)
  to   space 13824K, 0% used [0x00000000e0b00000,0x00000000e0b00000,0x00000000e1880000)
 ParOldGen       total 56320K, used 14032K [0x0000000080000000, 0x0000000083700000, 0x00000000d5580000)
  object space 56320K, 24% used [0x0000000080000000,0x0000000080db4008,0x0000000083700000)
 Metaspace       used 34488K, capacity 35386K, committed 35416K, reserved 1079296K
  class space    used 4719K, capacity 4970K, committed 4992K, reserved 1048576K
}
Event: 24.656 GC heap before
{Heap before GC invocations=10 (full 2):
 PSYoungGen      total 199168K, used 9660K [0x00000000d5580000, 0x00000000e2880000, 0x0000000100000000)
  eden space 185856K, 0% used [0x00000000d5580000,0x00000000d5580000,0x00000000e0b00000)
  from space 13312K, 72% used [0x00000000e1880000,0x00000000e21ef2d0,0x00000000e2580000)
  to   space 13824K, 0% used [0x00000000e0b00000,0x00000000e0b00000,0x00000000e1880000)
 ParOldGen       total 56320K, used 14032K [0x0000000080000000, 0x0000000083700000, 0x00000000d5580000)
  object space 56320K, 24% used [0x0000000080000000,0x0000000080db4008,0x0000000083700000)
 Metaspace       used 34488K, capacity 35386K, committed 35416K, reserved 1079296K
  class space    used 4719K, capacity 4970K, committed 4992K, reserved 1048576K
Event: 24.990 GC heap after
Heap after GC invocations=10 (full 2):
 PSYoungGen      total 199168K, used 0K [0x00000000d5580000, 0x00000000e2880000, 0x0000000100000000)
  eden space 185856K, 0% used [0x00000000d5580000,0x00000000d5580000,0x00000000e0b00000)
  from space 13312K, 0% used [0x00000000e1880000,0x00000000e1880000,0x00000000e2580000)
  to   space 13824K, 0% used [0x00000000e0b00000,0x00000000e0b00000,0x00000000e1880000)
 ParOldGen       total 56320K, used 16168K [0x0000000080000000, 0x0000000083700000, 0x00000000d5580000)
  object space 56320K, 28% used [0x0000000080000000,0x0000000080fca2c0,0x0000000083700000)
 Metaspace       used 34488K, capacity 35386K, committed 35416K, reserved 1079296K
  class space    used 4719K, capacity 4970K, committed 4992K, reserved 1048576K
}

Deoptimization events (10 events):
Event: 23.223 Thread 0x0000000018d1b000 Uncommon trap: reason=unstable_if action=reinterpret pc=0x0000000002fdb320 method=java.net.URI.match(CJJ)Z @ 45
Event: 24.320 Thread 0x0000000018d1b000 Uncommon trap: reason=unstable_if action=reinterpret pc=0x00000000033a784c method=jdk.internal.org.objectweb.asm.Type.getArgumentsAndReturnSizes(Ljava/lang/String;)I @ 88
Event: 26.670 Thread 0x000000001ca21800 Uncommon trap: reason=unstable_if action=reinterpret pc=0x0000000002f8a060 method=java.util.concurrent.ConcurrentHashMap.addCount(JI)V @ 34
Event: 26.674 Thread 0x000000001ca21800 Uncommon trap: reason=unstable_if action=reinterpret pc=0x0000000003028294 method=java.util.concurrent.ConcurrentHashMap.addCount(JI)V @ 7
Event: 27.576 Thread 0x0000000018d1b000 Uncommon trap: reason=bimorphic action=maybe_recompile pc=0x0000000003752b04 method=java.util.AbstractCollection.addAll(Ljava/util/Collection;)Z @ 29
Event: 27.786 Thread 0x0000000018d1b000 Uncommon trap: reason=unstable_if action=reinterpret pc=0x00000000031b594c method=java.util.jar.JarFile.match([C[B[I[I)Z @ 29
Event: 27.998 Thread 0x0000000018d1b000 Uncommon trap: reason=unstable_if action=reinterpret pc=0x00000000032c1b38 method=java.util.WeakHashMap.expungeStaleEntries()V @ 66
Event: 28.082 Thread 0x0000000018d1b000 Uncommon trap: reason=bimorphic action=maybe_recompile pc=0x0000000003752b04 method=java.util.AbstractCollection.addAll(Ljava/util/Collection;)Z @ 29
Event: 28.558 Thread 0x0000000018d1b000 Uncommon trap: reason=unstable_if action=reinterpret pc=0x000000000348c098 method=java.io.BufferedInputStream.read([BII)I @ 56
Event: 28.609 Thread 0x0000000018d1b000 Uncommon trap: reason=bimorphic action=maybe_recompile pc=0x0000000003752b04 method=java.util.AbstractCollection.addAll(Ljava/util/Collection;)Z @ 29

Classes redefined (0 events):
No events

Internal exceptions (10 events):
Event: 28.090 Thread 0x0000000019f29800 Exception <a 'java/lang/NoSuchMethodError': <clinit>> (0x00000000d55a8480) thrown at [C:\src\AOSP-openjdk-git\hotspot\src\share\vm\prims\jni.cpp, line 1615]
Event: 28.090 Thread 0x0000000019f29800 Exception <a 'java/lang/NoSuchMethodError': <clinit>> (0x00000000d55a9d78) thrown at [C:\src\AOSP-openjdk-git\hotspot\src\share\vm\prims\jni.cpp, line 1615]
Event: 28.090 Thread 0x0000000019f29800 Exception <a 'java/lang/NoSuchMethodError': <clinit>> (0x00000000d55ab2a0) thrown at [C:\src\AOSP-openjdk-git\hotspot\src\share\vm\prims\jni.cpp, line 1615]
Event: 28.091 Thread 0x0000000019f29800 Exception <a 'java/lang/NoSuchMethodError': <clinit>> (0x00000000d55b5510) thrown at [C:\src\AOSP-openjdk-git\hotspot\src\share\vm\prims\jni.cpp, line 1615]
Event: 28.094 Thread 0x0000000019f29800 Exception <a 'java/lang/NoSuchMethodError': <clinit>> (0x00000000d55c0430) thrown at [C:\src\AOSP-openjdk-git\hotspot\src\share\vm\prims\jni.cpp, line 1615]
Event: 28.097 Thread 0x0000000019f29800 Exception <a 'java/lang/NoSuchMethodError': <clinit>> (0x00000000d55d3838) thrown at [C:\src\AOSP-openjdk-git\hotspot\src\share\vm\prims\jni.cpp, line 1615]
Event: 28.162 Thread 0x0000000018d1b000 Exception <a 'java/lang/ClassNotFoundException': build_73ewzsouzaa0plru1vlgia0csBeanInfo> (0x00000000d8380bb0) thrown at [C:\src\AOSP-openjdk-git\hotspot\src\share\vm\classfile\systemDictionary.cpp, line 210]
Event: 28.163 Thread 0x0000000018d1b000 Exception <a 'java/lang/ClassNotFoundException': build_73ewzsouzaa0plru1vlgia0csCustomizer> (0x00000000d838ddc0) thrown at [C:\src\AOSP-openjdk-git\hotspot\src\share\vm\classfile\systemDictionary.cpp, line 210]
Event: 28.171 Thread 0x0000000018d1b000 Exception <a 'java/lang/ClassNotFoundException': org/gradle/api/internal/plugins/DefaultObjectConfigurationActionBeanInfo> (0x00000000d840b5a8) thrown at [C:\src\AOSP-openjdk-git\hotspot\src\share\vm\classfile\systemDictionary.cpp, line 210]
Event: 28.173 Thread 0x0000000018d1b000 Exception <a 'java/lang/ClassNotFoundException': org/gradle/api/internal/plugins/DefaultObjectConfigurationActionCustomizer> (0x00000000d84ea350) thrown at [C:\src\AOSP-openjdk-git\hotspot\src\share\vm\classfile\systemDictionary.cpp, line 210]

Events (10 events):
Event: 28.581 loading class org/gradle/BuildResult done
Event: 28.583 loading class com/android/build/gradle/api/AndroidBasePlugin
Event: 28.583 loading class com/android/build/gradle/api/AndroidBasePlugin done
Event: 28.606 loading class org/gradle/api/plugins/PluginManager
Event: 28.606 loading class org/gradle/api/plugins/PluginManager done
Event: 28.609 Thread 0x0000000018d1b000 Uncommon trap: trap_request=0xffffffc6 fr.pc=0x0000000003752b04
Event: 28.609 Thread 0x0000000018d1b000 DEOPT PACKING pc=0x0000000003752b04 sp=0x000000001b7b9af0
Event: 28.609 Thread 0x0000000018d1b000 DEOPT UNPACKING pc=0x0000000002e4557b sp=0x000000001b7b9ae8 mode 2
Event: 28.609 loading class com/android/build/gradle/internal/attribution/AttributionListenerInitializer
Event: 28.609 loading class com/android/build/gradle/internal/attribution/AttributionListenerInitializer done


Dynamic libraries:
0x00007ff63fd80000 - 0x00007ff63fdb1000 	C:\Program Files\Android\Android Studio\jre\bin\java.exe
0x00007ffef2a60000 - 0x00007ffef2c50000 	C:\Windows\SYSTEM32\ntdll.dll
0x00007ffef2680000 - 0x00007ffef2732000 	C:\Windows\System32\KERNEL32.DLL
0x00007ffef0710000 - 0x00007ffef09b4000 	C:\Windows\System32\KERNELBASE.dll
0x00007ffef2340000 - 0x00007ffef23e3000 	C:\Windows\System32\ADVAPI32.dll
0x00007ffef27f0000 - 0x00007ffef288e000 	C:\Windows\System32\msvcrt.dll
0x00007ffef25e0000 - 0x00007ffef2677000 	C:\Windows\System32\sechost.dll
0x00007ffef1eb0000 - 0x00007ffef1fd0000 	C:\Windows\System32\RPCRT4.dll
0x00007ffef20d0000 - 0x00007ffef2265000 	C:\Windows\System32\USER32.dll
0x00007ffef06e0000 - 0x00007ffef0701000 	C:\Windows\System32\win32u.dll
0x00007ffef29f0000 - 0x00007ffef2a16000 	C:\Windows\System32\GDI32.dll
0x00007ffeefa40000 - 0x00007ffeefbd6000 	C:\Windows\System32\gdi32full.dll
0x00007ffeefc60000 - 0x00007ffeefcfe000 	C:\Windows\System32\msvcp_win.dll
0x00007ffef05e0000 - 0x00007ffef06da000 	C:\Windows\System32\ucrtbase.dll
0x00007ffedc6f0000 - 0x00007ffedc974000 	C:\Windows\WinSxS\amd64_microsoft.windows.common-controls_6595b64144ccf1df_6.0.18362.1016_none_9e7a36bbe461dae4\COMCTL32.dll
0x00007ffef0f80000 - 0x00007ffef12b5000 	C:\Windows\System32\combase.dll
0x00007ffeefbe0000 - 0x00007ffeefc60000 	C:\Windows\System32\bcryptPrimitives.dll
0x00007ffef19b0000 - 0x00007ffef19de000 	C:\Windows\System32\IMM32.DLL
0x000000005d140000 - 0x000000005d212000 	C:\Program Files\Android\Android Studio\jre\jre\bin\msvcr100.dll
0x000000005d300000 - 0x000000005db4b000 	C:\Program Files\Android\Android Studio\jre\jre\bin\server\jvm.dll
0x00007ffef1ac0000 - 0x00007ffef1ac8000 	C:\Windows\System32\PSAPI.DLL
0x00007ffed6ec0000 - 0x00007ffed6ec9000 	C:\Windows\SYSTEM32\WSOCK32.dll
0x00007ffef22d0000 - 0x00007ffef233f000 	C:\Windows\System32\WS2_32.dll
0x00007ffee4c80000 - 0x00007ffee4ca4000 	C:\Windows\SYSTEM32\WINMM.dll
0x00007ffee8970000 - 0x00007ffee897a000 	C:\Windows\SYSTEM32\VERSION.dll
0x00007ffee4c50000 - 0x00007ffee4c7d000 	C:\Windows\SYSTEM32\WINMMBASE.dll
0x00007ffeefd00000 - 0x00007ffeefd4a000 	C:\Windows\System32\cfgmgr32.dll
0x00007ffeeb230000 - 0x00007ffeeb23f000 	C:\Program Files\Android\Android Studio\jre\jre\bin\verify.dll
0x00007ffede060000 - 0x00007ffede089000 	C:\Program Files\Android\Android Studio\jre\jre\bin\java.dll
0x00007ffeea970000 - 0x00007ffeea986000 	C:\Program Files\Android\Android Studio\jre\jre\bin\zip.dll
0x00007ffef12c0000 - 0x00007ffef19a7000 	C:\Windows\System32\SHELL32.dll
0x00007ffef2740000 - 0x00007ffef27e9000 	C:\Windows\System32\shcore.dll
0x00007ffeefd80000 - 0x00007ffef0502000 	C:\Windows\System32\windows.storage.dll
0x00007ffeef9b0000 - 0x00007ffeef9d3000 	C:\Windows\System32\profapi.dll
0x00007ffeef940000 - 0x00007ffeef98a000 	C:\Windows\System32\powrprof.dll
0x00007ffeef910000 - 0x00007ffeef920000 	C:\Windows\System32\UMPDC.dll
0x00007ffef2070000 - 0x00007ffef20c2000 	C:\Windows\System32\shlwapi.dll
0x00007ffeef920000 - 0x00007ffeef931000 	C:\Windows\System32\kernel.appcore.dll
0x00007ffef0510000 - 0x00007ffef0527000 	C:\Windows\System32\cryptsp.dll
0x00007ffee70c0000 - 0x00007ffee70da000 	C:\Program Files\Android\Android Studio\jre\jre\bin\net.dll
0x00007ffeef110000 - 0x00007ffeef177000 	C:\Windows\system32\mswsock.dll
0x00007ffee6840000 - 0x00007ffee6853000 	C:\Program Files\Android\Android Studio\jre\jre\bin\nio.dll
0x00007ffee6220000 - 0x00007ffee6246000 	C:\Users\Juan Hoyos\.gradle\native\31\windows-amd64\native-platform.dll
0x00007ffeea770000 - 0x00007ffeea77d000 	C:\Program Files\Android\Android Studio\jre\jre\bin\management.dll
0x00007ffeeec80000 - 0x00007ffeeecb3000 	C:\Windows\system32\rsaenh.dll
0x00007ffeefd50000 - 0x00007ffeefd76000 	C:\Windows\System32\bcrypt.dll
0x00007ffeef800000 - 0x00007ffeef825000 	C:\Windows\SYSTEM32\USERENV.dll
0x00007ffeef2e0000 - 0x00007ffeef2ec000 	C:\Windows\SYSTEM32\CRYPTBASE.dll
0x00007ffeeee20000 - 0x00007ffeeee5a000 	C:\Windows\SYSTEM32\IPHLPAPI.DLL
0x00007ffef1ea0000 - 0x00007ffef1ea8000 	C:\Windows\System32\NSI.dll
0x00007ffee8b00000 - 0x00007ffee8b16000 	C:\Windows\SYSTEM32\dhcpcsvc6.DLL
0x00007ffee8f80000 - 0x00007ffee8f9c000 	C:\Windows\SYSTEM32\dhcpcsvc.DLL
0x00007ffeeee60000 - 0x00007ffeeef2b000 	C:\Windows\SYSTEM32\DNSAPI.dll

VM Arguments:
jvm_args: -Xmx2048m -Dfile.encoding=windows-1252 -Duser.country=CO -Duser.language=es -Duser.variant 
java_command: org.gradle.launcher.daemon.bootstrap.GradleDaemon 6.1.1
java_class_path (initial): C:\Users\Juan Hoyos\.gradle\wrapper\dists\gradle-6.1.1-all\cfmwm155h49vnt3hynmlrsdst\gradle-6.1.1\lib\gradle-launcher-6.1.1.jar
Launcher Type: SUN_STANDARD

Environment Variables:
PATH=C:\Program Files (x86)\Common Files\Oracle\Java\javapath;C:\Windows\system32;C:\Windows;C:\Windows\System32\Wbem;C:\Windows\System32\WindowsPowerShell\v1.0\;C:\Windows\System32\OpenSSH\;C:\Program Files\nodejs\;C:\Program Files\dotnet\;C:\Program Files\Microsoft SQL Server\130\Tools\Binn\;C:\Program Files\Git\cmd;C:\Users\Juan Hoyos\AppData\Local\Programs\Python\Python38-32\Scripts\;C:\Users\Juan Hoyos\AppData\Local\Programs\Python\Python38-32\;C:\Program Files\MySQL\MySQL Shell 8.0\bin\;C:\Users\Juan Hoyos\AppData\Local\Microsoft\WindowsApps;;C:\Users\Juan Hoyos\AppData\Local\Programs\Microsoft VS Code\bin;C:\Users\Juan Hoyos\AppData\Roaming\npm;C:\Users\Juan Hoyos\.dotnet\tools
USERNAME=Juan Hoyos
OS=Windows_NT
PROCESSOR_IDENTIFIER=AMD64 Family 21 Model 112 Stepping 0, AuthenticAMD



---------------  S Y S T E M  ---------------

OS: Windows 10.0 , 64 bit Build 18362 (10.0.18362.959)

CPU:total 2 (initial active 2) (2 cores per cpu, 1 threads per core) family 21 model 112 stepping 0, cmov, cx8, fxsr, mmx, sse, sse2, sse3, ssse3, sse4.1, sse4.2, popcnt, avx, avx2, aes, clmul, mmxext, 3dnowpref, lzcnt, sse4a, tsc, tscinvbit, tscinv, bmi1

Memory: 4k page, physical 7225312k(482160k free), swap 10297312k(3548k free)

vm_info: OpenJDK 64-Bit Server VM (25.242-b01) for windows-amd64 JRE (1.8.0_242-release-1644-b01), built by "builder" with MS VC++ 10.0 (VS2010)

time: Sun Aug 16 23:41:55 2020
timezone: Hora est. Pacífico, Sudamérica
elapsed time: 28 seconds (0d 0h 0m 28s)

